/scratch/fad3ew/rtp/.venv/lib/python3.8/site-packages/torch/autograd/function.py:539: UserWarning: 0NCCL_AVOID_RECORD_STREAMS=1 has no effect for point-to-point collectives. (Triggered internally at ../torch/csrc/distributed/c10d/ProcessGroupNCCL.cpp:1856.)
  return super().apply(*args, **kwargs)  # type: ignore[misc]
/scratch/fad3ew/rtp/.venv/lib/python3.8/site-packages/torch/autograd/function.py:539: UserWarning: 0NCCL_AVOID_RECORD_STREAMS=1 has no effect for point-to-point collectives. (Triggered internally at ../torch/csrc/distributed/c10d/ProcessGroupNCCL.cpp:1856.)
  return super().apply(*args, **kwargs)  # type: ignore[misc]
/scratch/fad3ew/rtp/.venv/lib/python3.8/site-packages/torch/autograd/function.py:539: UserWarning: 0NCCL_AVOID_RECORD_STREAMS=1 has no effect for point-to-point collectives. (Triggered internally at ../torch/csrc/distributed/c10d/ProcessGroupNCCL.cpp:1856.)
  return super().apply(*args, **kwargs)  # type: ignore[misc]
Traceback (most recent call last):
  File "benchmarks/multi_rtp_benchmark.py", line 290, in <module>
    benchmark_fsdp(rank, local_rank, args, world_size)
  File "benchmarks/multi_rtp_benchmark.py", line 269, in benchmark_fsdp
    benchmark_language_model(model_config, model, benchmark_config, model_specs, args)
  File "benchmarks/multi_rtp_benchmark.py", line 224, in benchmark_language_model
    wps, t = train(model_config, model, benchmark_config, model_specs, args)
  File "benchmarks/multi_rtp_benchmark.py", line 182, in train
    loss.backward()
  File "/scratch/fad3ew/rtp/.venv/lib/python3.8/site-packages/torch/_tensor.py", line 492, in backward
    torch.autograd.backward(
  File "/scratch/fad3ew/rtp/.venv/lib/python3.8/site-packages/torch/autograd/__init__.py", line 251, in backward
    Variable._execution_engine.run_backward(  # Calls into the C++ engine to run the backward pass
  File "/scratch/fad3ew/rtp/.venv/lib/python3.8/site-packages/torch/utils/checkpoint.py", line 1071, in unpack_hook
    frame.recompute_fn(*args)
  File "/scratch/fad3ew/rtp/.venv/lib/python3.8/site-packages/torch/utils/checkpoint.py", line 1194, in recompute_fn
    fn(*args, **kwargs)
  File "/scratch/fad3ew/rtp/.venv/lib/python3.8/site-packages/torch/nn/modules/module.py", line 1518, in _wrapped_call_impl
    return self._call_impl(*args, **kwargs)
  File "/scratch/fad3ew/rtp/.venv/lib/python3.8/site-packages/torch/nn/modules/module.py", line 1527, in _call_impl
    return forward_call(*args, **kwargs)
  File "/scratch/fad3ew/rtp/.venv/lib/python3.8/site-packages/torch/nn/modules/container.py", line 215, in forward
    input = module(input)
  File "/scratch/fad3ew/rtp/.venv/lib/python3.8/site-packages/torch/nn/modules/module.py", line 1518, in _wrapped_call_impl
    return self._call_impl(*args, **kwargs)
  File "/scratch/fad3ew/rtp/.venv/lib/python3.8/site-packages/torch/nn/modules/module.py", line 1527, in _call_impl
    return forward_call(*args, **kwargs)
  File "/sfs/weka/scratch/fad3ew/rtp/benchmarks/transformer_lm_dp.py", line 195, in forward
    return super().forward(src, self.src_mask)
  File "/sfs/weka/scratch/fad3ew/rtp/benchmarks/transformer_lm_dp.py", line 156, in forward
    x = self.norm1(x + self._sa_block(x, src_mask, src_key_padding_mask))
  File "/sfs/weka/scratch/fad3ew/rtp/benchmarks/transformer_lm_dp.py", line 163, in _sa_block
    x = self.self_attn(x, x, x, attn_mask=attn_mask, key_padding_mask=key_padding_mask, need_weights=False)[0]
  File "/scratch/fad3ew/rtp/.venv/lib/python3.8/site-packages/torch/nn/modules/module.py", line 1518, in _wrapped_call_impl
    return self._call_impl(*args, **kwargs)
  File "/scratch/fad3ew/rtp/.venv/lib/python3.8/site-packages/torch/nn/modules/module.py", line 1527, in _call_impl
    return forward_call(*args, **kwargs)
  File "/sfs/weka/scratch/fad3ew/rtp/rtp/rotated_tensor_parallel.py", line 417, in forward
    output_parallel = output + output_parallel
torch.cuda.OutOfMemoryError: CUDA out of memory. Tried to allocate 32.00 MiB. GPU 2 has a total capacty of 79.15 GiB of which 19.25 MiB is free. Including non-PyTorch memory, this process has 79.12 GiB memory in use. Of the allocated memory 74.79 GiB is allocated by PyTorch, and 2.14 GiB is reserved by PyTorch but unallocated. If reserved but unallocated memory is large try setting max_split_size_mb to avoid fragmentation.  See documentation for Memory Management and PYTORCH_CUDA_ALLOC_CONF
/scratch/fad3ew/rtp/.venv/lib/python3.8/site-packages/torch/autograd/function.py:539: UserWarning: 0NCCL_AVOID_RECORD_STREAMS=1 has no effect for point-to-point collectives. (Triggered internally at ../torch/csrc/distributed/c10d/ProcessGroupNCCL.cpp:1856.)
  return super().apply(*args, **kwargs)  # type: ignore[misc]
Traceback (most recent call last):
  File "benchmarks/multi_rtp_benchmark.py", line 290, in <module>
    benchmark_fsdp(rank, local_rank, args, world_size)
  File "benchmarks/multi_rtp_benchmark.py", line 269, in benchmark_fsdp
    benchmark_language_model(model_config, model, benchmark_config, model_specs, args)
  File "benchmarks/multi_rtp_benchmark.py", line 224, in benchmark_language_model
    wps, t = train(model_config, model, benchmark_config, model_specs, args)
  File "benchmarks/multi_rtp_benchmark.py", line 182, in train
    loss.backward()
  File "/scratch/fad3ew/rtp/.venv/lib/python3.8/site-packages/torch/_tensor.py", line 492, in backward
    torch.autograd.backward(
  File "/scratch/fad3ew/rtp/.venv/lib/python3.8/site-packages/torch/autograd/__init__.py", line 251, in backward
    Variable._execution_engine.run_backward(  # Calls into the C++ engine to run the backward pass
  File "/scratch/fad3ew/rtp/.venv/lib/python3.8/site-packages/torch/utils/checkpoint.py", line 1071, in unpack_hook
    frame.recompute_fn(*args)
  File "/scratch/fad3ew/rtp/.venv/lib/python3.8/site-packages/torch/utils/checkpoint.py", line 1194, in recompute_fn
    fn(*args, **kwargs)
  File "/scratch/fad3ew/rtp/.venv/lib/python3.8/site-packages/torch/nn/modules/module.py", line 1518, in _wrapped_call_impl
    return self._call_impl(*args, **kwargs)
  File "/scratch/fad3ew/rtp/.venv/lib/python3.8/site-packages/torch/nn/modules/module.py", line 1527, in _call_impl
    return forward_call(*args, **kwargs)
  File "/scratch/fad3ew/rtp/.venv/lib/python3.8/site-packages/torch/nn/modules/container.py", line 215, in forward
    input = module(input)
  File "/scratch/fad3ew/rtp/.venv/lib/python3.8/site-packages/torch/nn/modules/module.py", line 1518, in _wrapped_call_impl
    return self._call_impl(*args, **kwargs)
  File "/scratch/fad3ew/rtp/.venv/lib/python3.8/site-packages/torch/nn/modules/module.py", line 1527, in _call_impl
    return forward_call(*args, **kwargs)
  File "/sfs/weka/scratch/fad3ew/rtp/benchmarks/transformer_lm_dp.py", line 195, in forward
    return super().forward(src, self.src_mask)
  File "/sfs/weka/scratch/fad3ew/rtp/benchmarks/transformer_lm_dp.py", line 156, in forward
    x = self.norm1(x + self._sa_block(x, src_mask, src_key_padding_mask))
  File "/sfs/weka/scratch/fad3ew/rtp/benchmarks/transformer_lm_dp.py", line 163, in _sa_block
    x = self.self_attn(x, x, x, attn_mask=attn_mask, key_padding_mask=key_padding_mask, need_weights=False)[0]
  File "/scratch/fad3ew/rtp/.venv/lib/python3.8/site-packages/torch/nn/modules/module.py", line 1518, in _wrapped_call_impl
    return self._call_impl(*args, **kwargs)
  File "/scratch/fad3ew/rtp/.venv/lib/python3.8/site-packages/torch/nn/modules/module.py", line 1527, in _call_impl
    return forward_call(*args, **kwargs)
  File "/sfs/weka/scratch/fad3ew/rtp/rtp/rotated_tensor_parallel.py", line 400, in forward
    outputs = self.module_list[index](*args, **kwargs)
  File "/scratch/fad3ew/rtp/.venv/lib/python3.8/site-packages/torch/nn/modules/module.py", line 1518, in _wrapped_call_impl
    return self._call_impl(*args, **kwargs)
  File "/scratch/fad3ew/rtp/.venv/lib/python3.8/site-packages/torch/nn/modules/module.py", line 1527, in _call_impl
    return forward_call(*args, **kwargs)
  File "/sfs/weka/scratch/fad3ew/rtp/rtp/attention.py", line 131, in forward
    attn_output, attn_output_weights = multi_head_attention_forward(
  File "/sfs/weka/scratch/fad3ew/rtp/rtp/module/functional.py", line 830, in multi_head_attention_forward
    attn_output = torch._C._nn.linear(attn_output, out_proj_weight, out_proj_bias)
torch.cuda.OutOfMemoryError: CUDA out of memory. Tried to allocate 32.00 MiB. GPU 5 has a total capacty of 79.15 GiB of which 25.25 MiB is free. Including non-PyTorch memory, this process has 79.11 GiB memory in use. Of the allocated memory 74.76 GiB is allocated by PyTorch, and 2.16 GiB is reserved by PyTorch but unallocated. If reserved but unallocated memory is large try setting max_split_size_mb to avoid fragmentation.  See documentation for Memory Management and PYTORCH_CUDA_ALLOC_CONF
Traceback (most recent call last):
  File "benchmarks/multi_rtp_benchmark.py", line 290, in <module>
    benchmark_fsdp(rank, local_rank, args, world_size)
  File "benchmarks/multi_rtp_benchmark.py", line 269, in benchmark_fsdp
    benchmark_language_model(model_config, model, benchmark_config, model_specs, args)
  File "benchmarks/multi_rtp_benchmark.py", line 224, in benchmark_language_model
    wps, t = train(model_config, model, benchmark_config, model_specs, args)
  File "benchmarks/multi_rtp_benchmark.py", line 182, in train
    loss.backward()
  File "/scratch/fad3ew/rtp/.venv/lib/python3.8/site-packages/torch/_tensor.py", line 492, in backward
    torch.autograd.backward(
  File "/scratch/fad3ew/rtp/.venv/lib/python3.8/site-packages/torch/autograd/__init__.py", line 251, in backward
    Variable._execution_engine.run_backward(  # Calls into the C++ engine to run the backward pass
  File "/scratch/fad3ew/rtp/.venv/lib/python3.8/site-packages/torch/utils/checkpoint.py", line 1071, in unpack_hook
    frame.recompute_fn(*args)
  File "/scratch/fad3ew/rtp/.venv/lib/python3.8/site-packages/torch/utils/checkpoint.py", line 1194, in recompute_fn
    fn(*args, **kwargs)
  File "/scratch/fad3ew/rtp/.venv/lib/python3.8/site-packages/torch/nn/modules/module.py", line 1518, in _wrapped_call_impl
    return self._call_impl(*args, **kwargs)
  File "/scratch/fad3ew/rtp/.venv/lib/python3.8/site-packages/torch/nn/modules/module.py", line 1527, in _call_impl
    return forward_call(*args, **kwargs)
  File "/scratch/fad3ew/rtp/.venv/lib/python3.8/site-packages/torch/nn/modules/container.py", line 215, in forward
    input = module(input)
  File "/scratch/fad3ew/rtp/.venv/lib/python3.8/site-packages/torch/nn/modules/module.py", line 1518, in _wrapped_call_impl
    return self._call_impl(*args, **kwargs)
  File "/scratch/fad3ew/rtp/.venv/lib/python3.8/site-packages/torch/nn/modules/module.py", line 1527, in _call_impl
    return forward_call(*args, **kwargs)
  File "/sfs/weka/scratch/fad3ew/rtp/benchmarks/transformer_lm_dp.py", line 195, in forward
    return super().forward(src, self.src_mask)
  File "/sfs/weka/scratch/fad3ew/rtp/benchmarks/transformer_lm_dp.py", line 156, in forward
    x = self.norm1(x + self._sa_block(x, src_mask, src_key_padding_mask))
  File "/sfs/weka/scratch/fad3ew/rtp/benchmarks/transformer_lm_dp.py", line 163, in _sa_block
    x = self.self_attn(x, x, x, attn_mask=attn_mask, key_padding_mask=key_padding_mask, need_weights=False)[0]
  File "/scratch/fad3ew/rtp/.venv/lib/python3.8/site-packages/torch/nn/modules/module.py", line 1518, in _wrapped_call_impl
    return self._call_impl(*args, **kwargs)
  File "/scratch/fad3ew/rtp/.venv/lib/python3.8/site-packages/torch/nn/modules/module.py", line 1527, in _call_impl
    return forward_call(*args, **kwargs)
  File "/sfs/weka/scratch/fad3ew/rtp/rtp/rotated_tensor_parallel.py", line 400, in forward
    outputs = self.module_list[index](*args, **kwargs)
  File "/scratch/fad3ew/rtp/.venv/lib/python3.8/site-packages/torch/nn/modules/module.py", line 1518, in _wrapped_call_impl
    return self._call_impl(*args, **kwargs)
  File "/scratch/fad3ew/rtp/.venv/lib/python3.8/site-packages/torch/nn/modules/module.py", line 1527, in _call_impl
    return forward_call(*args, **kwargs)
  File "/sfs/weka/scratch/fad3ew/rtp/rtp/attention.py", line 131, in forward
    attn_output, attn_output_weights = multi_head_attention_forward(
  File "/sfs/weka/scratch/fad3ew/rtp/rtp/module/functional.py", line 830, in multi_head_attention_forward
    attn_output = torch._C._nn.linear(attn_output, out_proj_weight, out_proj_bias)
torch.cuda.OutOfMemoryError: CUDA out of memory. Tried to allocate 32.00 MiB. GPU 1 has a total capacty of 79.15 GiB of which 31.25 MiB is free. Including non-PyTorch memory, this process has 79.11 GiB memory in use. Of the allocated memory 74.82 GiB is allocated by PyTorch, and 2.09 GiB is reserved by PyTorch but unallocated. If reserved but unallocated memory is large try setting max_split_size_mb to avoid fragmentation.  See documentation for Memory Management and PYTORCH_CUDA_ALLOC_CONF
Traceback (most recent call last):
  File "benchmarks/multi_rtp_benchmark.py", line 290, in <module>
    benchmark_fsdp(rank, local_rank, args, world_size)
  File "benchmarks/multi_rtp_benchmark.py", line 269, in benchmark_fsdp
    benchmark_language_model(model_config, model, benchmark_config, model_specs, args)
  File "benchmarks/multi_rtp_benchmark.py", line 224, in benchmark_language_model
    wps, t = train(model_config, model, benchmark_config, model_specs, args)
  File "benchmarks/multi_rtp_benchmark.py", line 182, in train
    loss.backward()
  File "/scratch/fad3ew/rtp/.venv/lib/python3.8/site-packages/torch/_tensor.py", line 492, in backward
    torch.autograd.backward(
  File "/scratch/fad3ew/rtp/.venv/lib/python3.8/site-packages/torch/autograd/__init__.py", line 251, in backward
    Variable._execution_engine.run_backward(  # Calls into the C++ engine to run the backward pass
  File "/scratch/fad3ew/rtp/.venv/lib/python3.8/site-packages/torch/utils/checkpoint.py", line 1071, in unpack_hook
    frame.recompute_fn(*args)
  File "/scratch/fad3ew/rtp/.venv/lib/python3.8/site-packages/torch/utils/checkpoint.py", line 1194, in recompute_fn
    fn(*args, **kwargs)
  File "/scratch/fad3ew/rtp/.venv/lib/python3.8/site-packages/torch/nn/modules/module.py", line 1518, in _wrapped_call_impl
    return self._call_impl(*args, **kwargs)
  File "/scratch/fad3ew/rtp/.venv/lib/python3.8/site-packages/torch/nn/modules/module.py", line 1527, in _call_impl
    return forward_call(*args, **kwargs)
  File "/scratch/fad3ew/rtp/.venv/lib/python3.8/site-packages/torch/nn/modules/container.py", line 215, in forward
    input = module(input)
  File "/scratch/fad3ew/rtp/.venv/lib/python3.8/site-packages/torch/nn/modules/module.py", line 1518, in _wrapped_call_impl
    return self._call_impl(*args, **kwargs)
  File "/scratch/fad3ew/rtp/.venv/lib/python3.8/site-packages/torch/nn/modules/module.py", line 1527, in _call_impl
    return forward_call(*args, **kwargs)
  File "/sfs/weka/scratch/fad3ew/rtp/benchmarks/transformer_lm_dp.py", line 195, in forward
    return super().forward(src, self.src_mask)
  File "/sfs/weka/scratch/fad3ew/rtp/benchmarks/transformer_lm_dp.py", line 156, in forward
    x = self.norm1(x + self._sa_block(x, src_mask, src_key_padding_mask))
  File "/sfs/weka/scratch/fad3ew/rtp/benchmarks/transformer_lm_dp.py", line 163, in _sa_block
    x = self.self_attn(x, x, x, attn_mask=attn_mask, key_padding_mask=key_padding_mask, need_weights=False)[0]
  File "/scratch/fad3ew/rtp/.venv/lib/python3.8/site-packages/torch/nn/modules/module.py", line 1518, in _wrapped_call_impl
    return self._call_impl(*args, **kwargs)
  File "/scratch/fad3ew/rtp/.venv/lib/python3.8/site-packages/torch/nn/modules/module.py", line 1527, in _call_impl
    return forward_call(*args, **kwargs)
  File "/sfs/weka/scratch/fad3ew/rtp/rtp/rotated_tensor_parallel.py", line 398, in forward
    ParallelRegion_before.apply(args[0], self, i)
  File "/scratch/fad3ew/rtp/.venv/lib/python3.8/site-packages/torch/autograd/function.py", line 539, in apply
    return super().apply(*args, **kwargs)  # type: ignore[misc]
  File "/sfs/weka/scratch/fad3ew/rtp/rtp/rotated_tensor_parallel.py", line 172, in forward
    module._buffer = torch.zeros_like(module.flat_param)
torch.cuda.OutOfMemoryError: CUDA out of memory. Tried to allocate 66.00 MiB. GPU 3 has a total capacty of 79.15 GiB of which 49.25 MiB is free. Including non-PyTorch memory, this process has 79.09 GiB memory in use. Of the allocated memory 74.63 GiB is allocated by PyTorch, and 2.26 GiB is reserved by PyTorch but unallocated. If reserved but unallocated memory is large try setting max_split_size_mb to avoid fragmentation.  See documentation for Memory Management and PYTORCH_CUDA_ALLOC_CONF
/scratch/fad3ew/rtp/.venv/lib/python3.8/site-packages/torch/autograd/function.py:539: UserWarning: 0NCCL_AVOID_RECORD_STREAMS=1 has no effect for point-to-point collectives. (Triggered internally at ../torch/csrc/distributed/c10d/ProcessGroupNCCL.cpp:1856.)
  return super().apply(*args, **kwargs)  # type: ignore[misc]
Traceback (most recent call last):
  File "benchmarks/multi_rtp_benchmark.py", line 290, in <module>
    benchmark_fsdp(rank, local_rank, args, world_size)
  File "benchmarks/multi_rtp_benchmark.py", line 269, in benchmark_fsdp
    benchmark_language_model(model_config, model, benchmark_config, model_specs, args)
  File "benchmarks/multi_rtp_benchmark.py", line 224, in benchmark_language_model
    wps, t = train(model_config, model, benchmark_config, model_specs, args)
  File "benchmarks/multi_rtp_benchmark.py", line 182, in train
    loss.backward()
  File "/scratch/fad3ew/rtp/.venv/lib/python3.8/site-packages/torch/_tensor.py", line 492, in backward
    torch.autograd.backward(
  File "/scratch/fad3ew/rtp/.venv/lib/python3.8/site-packages/torch/autograd/__init__.py", line 251, in backward
    Variable._execution_engine.run_backward(  # Calls into the C++ engine to run the backward pass
  File "/scratch/fad3ew/rtp/.venv/lib/python3.8/site-packages/torch/utils/checkpoint.py", line 1071, in unpack_hook
    frame.recompute_fn(*args)
  File "/scratch/fad3ew/rtp/.venv/lib/python3.8/site-packages/torch/utils/checkpoint.py", line 1194, in recompute_fn
    fn(*args, **kwargs)
  File "/scratch/fad3ew/rtp/.venv/lib/python3.8/site-packages/torch/nn/modules/module.py", line 1518, in _wrapped_call_impl
    return self._call_impl(*args, **kwargs)
  File "/scratch/fad3ew/rtp/.venv/lib/python3.8/site-packages/torch/nn/modules/module.py", line 1527, in _call_impl
    return forward_call(*args, **kwargs)
  File "/scratch/fad3ew/rtp/.venv/lib/python3.8/site-packages/torch/nn/modules/container.py", line 215, in forward
    input = module(input)
  File "/scratch/fad3ew/rtp/.venv/lib/python3.8/site-packages/torch/nn/modules/module.py", line 1518, in _wrapped_call_impl
    return self._call_impl(*args, **kwargs)
  File "/scratch/fad3ew/rtp/.venv/lib/python3.8/site-packages/torch/nn/modules/module.py", line 1527, in _call_impl
    return forward_call(*args, **kwargs)
  File "/sfs/weka/scratch/fad3ew/rtp/benchmarks/transformer_lm_dp.py", line 195, in forward
    return super().forward(src, self.src_mask)
  File "/sfs/weka/scratch/fad3ew/rtp/benchmarks/transformer_lm_dp.py", line 156, in forward
    x = self.norm1(x + self._sa_block(x, src_mask, src_key_padding_mask))
  File "/sfs/weka/scratch/fad3ew/rtp/benchmarks/transformer_lm_dp.py", line 163, in _sa_block
    x = self.self_attn(x, x, x, attn_mask=attn_mask, key_padding_mask=key_padding_mask, need_weights=False)[0]
  File "/scratch/fad3ew/rtp/.venv/lib/python3.8/site-packages/torch/nn/modules/module.py", line 1518, in _wrapped_call_impl
    return self._call_impl(*args, **kwargs)
  File "/scratch/fad3ew/rtp/.venv/lib/python3.8/site-packages/torch/nn/modules/module.py", line 1527, in _call_impl
    return forward_call(*args, **kwargs)
  File "/sfs/weka/scratch/fad3ew/rtp/rtp/rotated_tensor_parallel.py", line 400, in forward
    outputs = self.module_list[index](*args, **kwargs)
  File "/scratch/fad3ew/rtp/.venv/lib/python3.8/site-packages/torch/nn/modules/module.py", line 1518, in _wrapped_call_impl
    return self._call_impl(*args, **kwargs)
  File "/scratch/fad3ew/rtp/.venv/lib/python3.8/site-packages/torch/nn/modules/module.py", line 1527, in _call_impl
    return forward_call(*args, **kwargs)
  File "/sfs/weka/scratch/fad3ew/rtp/rtp/attention.py", line 131, in forward
    attn_output, attn_output_weights = multi_head_attention_forward(
  File "/sfs/weka/scratch/fad3ew/rtp/rtp/module/functional.py", line 830, in multi_head_attention_forward
    attn_output = torch._C._nn.linear(attn_output, out_proj_weight, out_proj_bias)
torch.cuda.OutOfMemoryError: CUDA out of memory. Tried to allocate 32.00 MiB. GPU 6 has a total capacty of 79.15 GiB of which 5.25 MiB is free. Including non-PyTorch memory, this process has 79.13 GiB memory in use. Of the allocated memory 74.82 GiB is allocated by PyTorch, and 2.12 GiB is reserved by PyTorch but unallocated. If reserved but unallocated memory is large try setting max_split_size_mb to avoid fragmentation.  See documentation for Memory Management and PYTORCH_CUDA_ALLOC_CONF
srun: error: udc-an26-1: task 2: Exited with exit code 1
srun: launch/slurm: _step_signal: Terminating StepId=55244049.0
slurmstepd: error: *** STEP 55244049.0 ON udc-an26-1 CANCELLED AT 2023-11-21T19:33:49 ***
srun: error: udc-an26-1: task 3: Exited with exit code 1
srun: error: udc-an26-1: task 5: Exited with exit code 1
srun: error: udc-an26-1: task 1: Exited with exit code 1
srun: error: udc-an26-1: task 7: Terminated
srun: error: udc-an26-1: task 6: Exited with exit code 1
srun: error: udc-an26-1: task 4: Terminated
srun: error: udc-an26-1: task 0: Terminated
srun: Force Terminated StepId=55244049.0
