/scratch/fad3ew/rtp/.venv/lib/python3.8/site-packages/torch/autograd/function.py:539: UserWarning: 0NCCL_AVOID_RECORD_STREAMS=1 has no effect for point-to-point collectives. (Triggered internally at ../torch/csrc/distributed/c10d/ProcessGroupNCCL.cpp:1856.)
  return super().apply(*args, **kwargs)  # type: ignore[misc]
/scratch/fad3ew/rtp/.venv/lib/python3.8/site-packages/torch/autograd/function.py:539: UserWarning: 0NCCL_AVOID_RECORD_STREAMS=1 has no effect for point-to-point collectives. (Triggered internally at ../torch/csrc/distributed/c10d/ProcessGroupNCCL.cpp:1856.)
  return super().apply(*args, **kwargs)  # type: ignore[misc]
Traceback (most recent call last):
  File "benchmarks/multi_rtp_benchmark.py", line 291, in <module>
    benchmark_fsdp(rank, local_rank, args, world_size)
  File "benchmarks/multi_rtp_benchmark.py", line 270, in benchmark_fsdp
    benchmark_language_model(model_config, model, benchmark_config, model_specs, args)
  File "benchmarks/multi_rtp_benchmark.py", line 225, in benchmark_language_model
    wps, t = train(model_config, model, benchmark_config, model_specs, args)
  File "benchmarks/multi_rtp_benchmark.py", line 180, in train
    output = model(input)
  File "/scratch/fad3ew/rtp/.venv/lib/python3.8/site-packages/torch/nn/modules/module.py", line 1518, in _wrapped_call_impl
    return self._call_impl(*args, **kwargs)
  File "/scratch/fad3ew/rtp/.venv/lib/python3.8/site-packages/torch/nn/modules/module.py", line 1527, in _call_impl
    return forward_call(*args, **kwargs)
  File "/sfs/weka/scratch/fad3ew/rtp/rtp/rotated_tensor_parallel.py", line 538, in forward
    outputs = self.module(*args, **kwargs)
  File "/scratch/fad3ew/rtp/.venv/lib/python3.8/site-packages/torch/nn/modules/module.py", line 1518, in _wrapped_call_impl
    return self._call_impl(*args, **kwargs)
  File "/scratch/fad3ew/rtp/.venv/lib/python3.8/site-packages/torch/nn/modules/module.py", line 1527, in _call_impl
    return forward_call(*args, **kwargs)
  File "/scratch/fad3ew/rtp/.venv/lib/python3.8/site-packages/torch/nn/modules/container.py", line 215, in forward
    input = module(input)
  File "/scratch/fad3ew/rtp/.venv/lib/python3.8/site-packages/torch/nn/modules/module.py", line 1518, in _wrapped_call_impl
    return self._call_impl(*args, **kwargs)
  File "/scratch/fad3ew/rtp/.venv/lib/python3.8/site-packages/torch/nn/modules/module.py", line 1527, in _call_impl
    return forward_call(*args, **kwargs)
  File "/sfs/weka/scratch/fad3ew/rtp/benchmarks/transformer_lm_dp.py", line 195, in forward
    return super().forward(src, self.src_mask)
  File "/sfs/weka/scratch/fad3ew/rtp/benchmarks/transformer_lm_dp.py", line 157, in forward
    x = self.norm2(x + self._ff_block(x))
  File "/sfs/weka/scratch/fad3ew/rtp/benchmarks/transformer_lm_dp.py", line 171, in _ff_block
    return self.ff_block(x)
  File "/scratch/fad3ew/rtp/.venv/lib/python3.8/site-packages/torch/nn/modules/module.py", line 1518, in _wrapped_call_impl
    return self._call_impl(*args, **kwargs)
  File "/scratch/fad3ew/rtp/.venv/lib/python3.8/site-packages/torch/nn/modules/module.py", line 1527, in _call_impl
    return forward_call(*args, **kwargs)
  File "/sfs/weka/scratch/fad3ew/rtp/benchmarks/transformer_lm_dp.py", line 72, in forward
    return self.dropout2(self.linear2(self.dropout1(self.activation(self.linear1(x)))))
  File "/scratch/fad3ew/rtp/.venv/lib/python3.8/site-packages/torch/nn/modules/module.py", line 1518, in _wrapped_call_impl
    return self._call_impl(*args, **kwargs)
  File "/scratch/fad3ew/rtp/.venv/lib/python3.8/site-packages/torch/nn/modules/module.py", line 1527, in _call_impl
    return forward_call(*args, **kwargs)
  File "/sfs/weka/scratch/fad3ew/rtp/rtp/rotated_tensor_parallel.py", line 412, in forward
    output_parallel = torch.cat(output_list, dim=self.output_partition_dim).contiguous()
torch.cuda.OutOfMemoryError: CUDA out of memory. Tried to allocate 128.00 MiB. GPU 3 has a total capacty of 79.15 GiB of which 71.25 MiB is free. Including non-PyTorch memory, this process has 79.07 GiB memory in use. Of the allocated memory 74.67 GiB is allocated by PyTorch, and 2.20 GiB is reserved by PyTorch but unallocated. If reserved but unallocated memory is large try setting max_split_size_mb to avoid fragmentation.  See documentation for Memory Management and PYTORCH_CUDA_ALLOC_CONF
Traceback (most recent call last):
  File "benchmarks/multi_rtp_benchmark.py", line 291, in <module>
    benchmark_fsdp(rank, local_rank, args, world_size)
  File "benchmarks/multi_rtp_benchmark.py", line 270, in benchmark_fsdp
    benchmark_language_model(model_config, model, benchmark_config, model_specs, args)
  File "benchmarks/multi_rtp_benchmark.py", line 225, in benchmark_language_model
    wps, t = train(model_config, model, benchmark_config, model_specs, args)
  File "benchmarks/multi_rtp_benchmark.py", line 180, in train
    output = model(input)
  File "/scratch/fad3ew/rtp/.venv/lib/python3.8/site-packages/torch/nn/modules/module.py", line 1518, in _wrapped_call_impl
    return self._call_impl(*args, **kwargs)
  File "/scratch/fad3ew/rtp/.venv/lib/python3.8/site-packages/torch/nn/modules/module.py", line 1527, in _call_impl
    return forward_call(*args, **kwargs)
  File "/sfs/weka/scratch/fad3ew/rtp/rtp/rotated_tensor_parallel.py", line 538, in forward
    outputs = self.module(*args, **kwargs)
  File "/scratch/fad3ew/rtp/.venv/lib/python3.8/site-packages/torch/nn/modules/module.py", line 1518, in _wrapped_call_impl
    return self._call_impl(*args, **kwargs)
  File "/scratch/fad3ew/rtp/.venv/lib/python3.8/site-packages/torch/nn/modules/module.py", line 1527, in _call_impl
    return forward_call(*args, **kwargs)
  File "/scratch/fad3ew/rtp/.venv/lib/python3.8/site-packages/torch/nn/modules/container.py", line 215, in forward
    input = module(input)
  File "/scratch/fad3ew/rtp/.venv/lib/python3.8/site-packages/torch/nn/modules/module.py", line 1518, in _wrapped_call_impl
    return self._call_impl(*args, **kwargs)
  File "/scratch/fad3ew/rtp/.venv/lib/python3.8/site-packages/torch/nn/modules/module.py", line 1527, in _call_impl
    return forward_call(*args, **kwargs)
  File "/sfs/weka/scratch/fad3ew/rtp/benchmarks/transformer_lm_dp.py", line 195, in forward
    return super().forward(src, self.src_mask)
  File "/sfs/weka/scratch/fad3ew/rtp/benchmarks/transformer_lm_dp.py", line 157, in forward
    x = self.norm2(x + self._ff_block(x))
  File "/sfs/weka/scratch/fad3ew/rtp/benchmarks/transformer_lm_dp.py", line 171, in _ff_block
    return self.ff_block(x)
  File "/scratch/fad3ew/rtp/.venv/lib/python3.8/site-packages/torch/nn/modules/module.py", line 1518, in _wrapped_call_impl
    return self._call_impl(*args, **kwargs)
  File "/scratch/fad3ew/rtp/.venv/lib/python3.8/site-packages/torch/nn/modules/module.py", line 1527, in _call_impl
    return forward_call(*args, **kwargs)
  File "/sfs/weka/scratch/fad3ew/rtp/benchmarks/transformer_lm_dp.py", line 72, in forward
    return self.dropout2(self.linear2(self.dropout1(self.activation(self.linear1(x)))))
  File "/scratch/fad3ew/rtp/.venv/lib/python3.8/site-packages/torch/nn/modules/module.py", line 1518, in _wrapped_call_impl
    return self._call_impl(*args, **kwargs)
  File "/scratch/fad3ew/rtp/.venv/lib/python3.8/site-packages/torch/nn/modules/module.py", line 1527, in _call_impl
    return forward_call(*args, **kwargs)
  File "/sfs/weka/scratch/fad3ew/rtp/rtp/rotated_tensor_parallel.py", line 412, in forward
    output_parallel = torch.cat(output_list, dim=self.output_partition_dim).contiguous()
torch.cuda.OutOfMemoryError: CUDA out of memory. Tried to allocate 128.00 MiB. GPU 5 has a total capacty of 79.15 GiB of which 67.25 MiB is free. Including non-PyTorch memory, this process has 79.07 GiB memory in use. Of the allocated memory 74.67 GiB is allocated by PyTorch, and 2.20 GiB is reserved by PyTorch but unallocated. If reserved but unallocated memory is large try setting max_split_size_mb to avoid fragmentation.  See documentation for Memory Management and PYTORCH_CUDA_ALLOC_CONF
/scratch/fad3ew/rtp/.venv/lib/python3.8/site-packages/torch/autograd/function.py:539: UserWarning: 0NCCL_AVOID_RECORD_STREAMS=1 has no effect for point-to-point collectives. (Triggered internally at ../torch/csrc/distributed/c10d/ProcessGroupNCCL.cpp:1856.)
  return super().apply(*args, **kwargs)  # type: ignore[misc]
/scratch/fad3ew/rtp/.venv/lib/python3.8/site-packages/torch/autograd/function.py:539: UserWarning: 0NCCL_AVOID_RECORD_STREAMS=1 has no effect for point-to-point collectives. (Triggered internally at ../torch/csrc/distributed/c10d/ProcessGroupNCCL.cpp:1856.)
  return super().apply(*args, **kwargs)  # type: ignore[misc]
Traceback (most recent call last):
  File "benchmarks/multi_rtp_benchmark.py", line 291, in <module>
    benchmark_fsdp(rank, local_rank, args, world_size)
  File "benchmarks/multi_rtp_benchmark.py", line 270, in benchmark_fsdp
    benchmark_language_model(model_config, model, benchmark_config, model_specs, args)
  File "benchmarks/multi_rtp_benchmark.py", line 225, in benchmark_language_model
    wps, t = train(model_config, model, benchmark_config, model_specs, args)
  File "benchmarks/multi_rtp_benchmark.py", line 180, in train
    output = model(input)
  File "/scratch/fad3ew/rtp/.venv/lib/python3.8/site-packages/torch/nn/modules/module.py", line 1518, in _wrapped_call_impl
    return self._call_impl(*args, **kwargs)
  File "/scratch/fad3ew/rtp/.venv/lib/python3.8/site-packages/torch/nn/modules/module.py", line 1527, in _call_impl
    return forward_call(*args, **kwargs)
  File "/sfs/weka/scratch/fad3ew/rtp/rtp/rotated_tensor_parallel.py", line 538, in forward
    outputs = self.module(*args, **kwargs)
  File "/scratch/fad3ew/rtp/.venv/lib/python3.8/site-packages/torch/nn/modules/module.py", line 1518, in _wrapped_call_impl
    return self._call_impl(*args, **kwargs)
  File "/scratch/fad3ew/rtp/.venv/lib/python3.8/site-packages/torch/nn/modules/module.py", line 1527, in _call_impl
    return forward_call(*args, **kwargs)
  File "/scratch/fad3ew/rtp/.venv/lib/python3.8/site-packages/torch/nn/modules/container.py", line 215, in forward
    input = module(input)
  File "/scratch/fad3ew/rtp/.venv/lib/python3.8/site-packages/torch/nn/modules/module.py", line 1518, in _wrapped_call_impl
    return self._call_impl(*args, **kwargs)
  File "/scratch/fad3ew/rtp/.venv/lib/python3.8/site-packages/torch/nn/modules/module.py", line 1527, in _call_impl
    return forward_call(*args, **kwargs)
  File "/sfs/weka/scratch/fad3ew/rtp/benchmarks/transformer_lm_dp.py", line 195, in forward
    return super().forward(src, self.src_mask)
  File "/sfs/weka/scratch/fad3ew/rtp/benchmarks/transformer_lm_dp.py", line 157, in forward
    x = self.norm2(x + self._ff_block(x))
  File "/sfs/weka/scratch/fad3ew/rtp/benchmarks/transformer_lm_dp.py", line 171, in _ff_block
    return self.ff_block(x)
  File "/scratch/fad3ew/rtp/.venv/lib/python3.8/site-packages/torch/nn/modules/module.py", line 1518, in _wrapped_call_impl
    return self._call_impl(*args, **kwargs)
  File "/scratch/fad3ew/rtp/.venv/lib/python3.8/site-packages/torch/nn/modules/module.py", line 1527, in _call_impl
    return forward_call(*args, **kwargs)
  File "/sfs/weka/scratch/fad3ew/rtp/benchmarks/transformer_lm_dp.py", line 72, in forward
    return self.dropout2(self.linear2(self.dropout1(self.activation(self.linear1(x)))))
  File "/scratch/fad3ew/rtp/.venv/lib/python3.8/site-packages/torch/nn/modules/module.py", line 1518, in _wrapped_call_impl
    return self._call_impl(*args, **kwargs)
  File "/scratch/fad3ew/rtp/.venv/lib/python3.8/site-packages/torch/nn/modules/module.py", line 1527, in _call_impl
    return forward_call(*args, **kwargs)
  File "/sfs/weka/scratch/fad3ew/rtp/rtp/rotated_tensor_parallel.py", line 412, in forward
    output_parallel = torch.cat(output_list, dim=self.output_partition_dim).contiguous()
torch.cuda.OutOfMemoryError: CUDA out of memory. Tried to allocate 128.00 MiB. GPU 4 has a total capacty of 79.15 GiB of which 119.25 MiB is free. Including non-PyTorch memory, this process has 79.02 GiB memory in use. Of the allocated memory 74.67 GiB is allocated by PyTorch, and 2.15 GiB is reserved by PyTorch but unallocated. If reserved but unallocated memory is large try setting max_split_size_mb to avoid fragmentation.  See documentation for Memory Management and PYTORCH_CUDA_ALLOC_CONF
Traceback (most recent call last):
  File "benchmarks/multi_rtp_benchmark.py", line 291, in <module>
    benchmark_fsdp(rank, local_rank, args, world_size)
  File "benchmarks/multi_rtp_benchmark.py", line 270, in benchmark_fsdp
    benchmark_language_model(model_config, model, benchmark_config, model_specs, args)
  File "benchmarks/multi_rtp_benchmark.py", line 225, in benchmark_language_model
    wps, t = train(model_config, model, benchmark_config, model_specs, args)
  File "benchmarks/multi_rtp_benchmark.py", line 180, in train
    output = model(input)
  File "/scratch/fad3ew/rtp/.venv/lib/python3.8/site-packages/torch/nn/modules/module.py", line 1518, in _wrapped_call_impl
    return self._call_impl(*args, **kwargs)
  File "/scratch/fad3ew/rtp/.venv/lib/python3.8/site-packages/torch/nn/modules/module.py", line 1527, in _call_impl
    return forward_call(*args, **kwargs)
  File "/sfs/weka/scratch/fad3ew/rtp/rtp/rotated_tensor_parallel.py", line 538, in forward
    outputs = self.module(*args, **kwargs)
  File "/scratch/fad3ew/rtp/.venv/lib/python3.8/site-packages/torch/nn/modules/module.py", line 1518, in _wrapped_call_impl
    return self._call_impl(*args, **kwargs)
  File "/scratch/fad3ew/rtp/.venv/lib/python3.8/site-packages/torch/nn/modules/module.py", line 1527, in _call_impl
    return forward_call(*args, **kwargs)
  File "/scratch/fad3ew/rtp/.venv/lib/python3.8/site-packages/torch/nn/modules/container.py", line 215, in forward
    input = module(input)
  File "/scratch/fad3ew/rtp/.venv/lib/python3.8/site-packages/torch/nn/modules/module.py", line 1518, in _wrapped_call_impl
    return self._call_impl(*args, **kwargs)
  File "/scratch/fad3ew/rtp/.venv/lib/python3.8/site-packages/torch/nn/modules/module.py", line 1527, in _call_impl
    return forward_call(*args, **kwargs)
  File "/sfs/weka/scratch/fad3ew/rtp/benchmarks/transformer_lm_dp.py", line 195, in forward
    return super().forward(src, self.src_mask)
  File "/sfs/weka/scratch/fad3ew/rtp/benchmarks/transformer_lm_dp.py", line 157, in forward
    x = self.norm2(x + self._ff_block(x))
  File "/sfs/weka/scratch/fad3ew/rtp/benchmarks/transformer_lm_dp.py", line 171, in _ff_block
    return self.ff_block(x)
  File "/scratch/fad3ew/rtp/.venv/lib/python3.8/site-packages/torch/nn/modules/module.py", line 1518, in _wrapped_call_impl
    return self._call_impl(*args, **kwargs)
  File "/scratch/fad3ew/rtp/.venv/lib/python3.8/site-packages/torch/nn/modules/module.py", line 1527, in _call_impl
    return forward_call(*args, **kwargs)
  File "/sfs/weka/scratch/fad3ew/rtp/benchmarks/transformer_lm_dp.py", line 72, in forward
    return self.dropout2(self.linear2(self.dropout1(self.activation(self.linear1(x)))))
  File "/scratch/fad3ew/rtp/.venv/lib/python3.8/site-packages/torch/nn/modules/module.py", line 1518, in _wrapped_call_impl
    return self._call_impl(*args, **kwargs)
  File "/scratch/fad3ew/rtp/.venv/lib/python3.8/site-packages/torch/nn/modules/module.py", line 1527, in _call_impl
    return forward_call(*args, **kwargs)
  File "/sfs/weka/scratch/fad3ew/rtp/rtp/rotated_tensor_parallel.py", line 412, in forward
    output_parallel = torch.cat(output_list, dim=self.output_partition_dim).contiguous()
torch.cuda.OutOfMemoryError: CUDA out of memory. Tried to allocate 128.00 MiB. GPU 2 has a total capacty of 79.15 GiB of which 123.25 MiB is free. Including non-PyTorch memory, this process has 79.02 GiB memory in use. Of the allocated memory 74.67 GiB is allocated by PyTorch, and 2.15 GiB is reserved by PyTorch but unallocated. If reserved but unallocated memory is large try setting max_split_size_mb to avoid fragmentation.  See documentation for Memory Management and PYTORCH_CUDA_ALLOC_CONF
srun: error: udc-an36-31: task 4: Exited with exit code 1
srun: launch/slurm: _step_signal: Terminating StepId=55895623.0
slurmstepd: error: *** STEP 55895623.0 ON udc-an36-31 CANCELLED AT 2023-12-06T00:36:11 ***
srun: error: udc-an36-31: task 2: Exited with exit code 1
srun: error: udc-an36-31: task 0: Terminated
srun: error: udc-an36-31: task 3: Exited with exit code 1
srun: error: udc-an36-31: task 5: Exited with exit code 1
srun: error: udc-an36-31: task 7: Terminated
srun: error: udc-an36-31: task 6: Terminated
srun: error: udc-an36-31: task 1: Terminated
srun: Force Terminated StepId=55895623.0
/scratch/fad3ew/rtp/.venv/lib/python3.8/site-packages/torch/autograd/function.py:539: UserWarning: 0NCCL_AVOID_RECORD_STREAMS=1 has no effect for point-to-point collectives. (Triggered internally at ../torch/csrc/distributed/c10d/ProcessGroupNCCL.cpp:1856.)
  return super().apply(*args, **kwargs)  # type: ignore[misc]
Traceback (most recent call last):
  File "benchmarks/multi_rtp_benchmark.py", line 291, in <module>
    benchmark_fsdp(rank, local_rank, args, world_size)
  File "benchmarks/multi_rtp_benchmark.py", line 270, in benchmark_fsdp
    benchmark_language_model(model_config, model, benchmark_config, model_specs, args)
  File "benchmarks/multi_rtp_benchmark.py", line 225, in benchmark_language_model
    wps, t = train(model_config, model, benchmark_config, model_specs, args)
  File "benchmarks/multi_rtp_benchmark.py", line 180, in train
    output = model(input)
  File "/scratch/fad3ew/rtp/.venv/lib/python3.8/site-packages/torch/nn/modules/module.py", line 1518, in _wrapped_call_impl
    return self._call_impl(*args, **kwargs)
  File "/scratch/fad3ew/rtp/.venv/lib/python3.8/site-packages/torch/nn/modules/module.py", line 1527, in _call_impl
    return forward_call(*args, **kwargs)
  File "/sfs/weka/scratch/fad3ew/rtp/rtp/rotated_tensor_parallel.py", line 538, in forward
    outputs = self.module(*args, **kwargs)
  File "/scratch/fad3ew/rtp/.venv/lib/python3.8/site-packages/torch/nn/modules/module.py", line 1518, in _wrapped_call_impl
    return self._call_impl(*args, **kwargs)
  File "/scratch/fad3ew/rtp/.venv/lib/python3.8/site-packages/torch/nn/modules/module.py", line 1527, in _call_impl
    return forward_call(*args, **kwargs)
  File "/scratch/fad3ew/rtp/.venv/lib/python3.8/site-packages/torch/nn/modules/container.py", line 215, in forward
    input = module(input)
  File "/scratch/fad3ew/rtp/.venv/lib/python3.8/site-packages/torch/nn/modules/module.py", line 1518, in _wrapped_call_impl
    return self._call_impl(*args, **kwargs)
  File "/scratch/fad3ew/rtp/.venv/lib/python3.8/site-packages/torch/nn/modules/module.py", line 1527, in _call_impl
    return forward_call(*args, **kwargs)
  File "/sfs/weka/scratch/fad3ew/rtp/benchmarks/transformer_lm_dp.py", line 195, in forward
    return super().forward(src, self.src_mask)
  File "/sfs/weka/scratch/fad3ew/rtp/benchmarks/transformer_lm_dp.py", line 156, in forward
    x = self.norm1(x + self._sa_block(x, src_mask, src_key_padding_mask))
  File "/sfs/weka/scratch/fad3ew/rtp/benchmarks/transformer_lm_dp.py", line 163, in _sa_block
    x = self.self_attn(x, x, x, attn_mask=attn_mask, key_padding_mask=key_padding_mask, need_weights=False)[0]
  File "/scratch/fad3ew/rtp/.venv/lib/python3.8/site-packages/torch/nn/modules/module.py", line 1518, in _wrapped_call_impl
    return self._call_impl(*args, **kwargs)
  File "/scratch/fad3ew/rtp/.venv/lib/python3.8/site-packages/torch/nn/modules/module.py", line 1527, in _call_impl
    return forward_call(*args, **kwargs)
  File "/sfs/weka/scratch/fad3ew/rtp/rtp/rotated_tensor_parallel.py", line 392, in forward
    outputs = self.module_list[index](*args, **kwargs)
  File "/scratch/fad3ew/rtp/.venv/lib/python3.8/site-packages/torch/nn/modules/module.py", line 1518, in _wrapped_call_impl
    return self._call_impl(*args, **kwargs)
  File "/scratch/fad3ew/rtp/.venv/lib/python3.8/site-packages/torch/nn/modules/module.py", line 1527, in _call_impl
    return forward_call(*args, **kwargs)
  File "/sfs/weka/scratch/fad3ew/rtp/rtp/attention.py", line 131, in forward
    attn_output, attn_output_weights = multi_head_attention_forward(
  File "/sfs/weka/scratch/fad3ew/rtp/rtp/module/functional.py", line 830, in multi_head_attention_forward
    attn_output = torch._C._nn.linear(attn_output, out_proj_weight, out_proj_bias)
torch.cuda.OutOfMemoryError: CUDA out of memory. Tried to allocate 32.00 MiB. GPU 3 has a total capacty of 79.15 GiB of which 29.25 MiB is free. Including non-PyTorch memory, this process has 79.11 GiB memory in use. Of the allocated memory 74.56 GiB is allocated by PyTorch, and 2.35 GiB is reserved by PyTorch but unallocated. If reserved but unallocated memory is large try setting max_split_size_mb to avoid fragmentation.  See documentation for Memory Management and PYTORCH_CUDA_ALLOC_CONF
/scratch/fad3ew/rtp/.venv/lib/python3.8/site-packages/torch/autograd/function.py:539: UserWarning: 0NCCL_AVOID_RECORD_STREAMS=1 has no effect for point-to-point collectives. (Triggered internally at ../torch/csrc/distributed/c10d/ProcessGroupNCCL.cpp:1856.)
  return super().apply(*args, **kwargs)  # type: ignore[misc]
Traceback (most recent call last):
  File "benchmarks/multi_rtp_benchmark.py", line 291, in <module>
    benchmark_fsdp(rank, local_rank, args, world_size)
  File "benchmarks/multi_rtp_benchmark.py", line 270, in benchmark_fsdp
    benchmark_language_model(model_config, model, benchmark_config, model_specs, args)
  File "benchmarks/multi_rtp_benchmark.py", line 225, in benchmark_language_model
    wps, t = train(model_config, model, benchmark_config, model_specs, args)
  File "benchmarks/multi_rtp_benchmark.py", line 180, in train
    output = model(input)
  File "/scratch/fad3ew/rtp/.venv/lib/python3.8/site-packages/torch/nn/modules/module.py", line 1518, in _wrapped_call_impl
    return self._call_impl(*args, **kwargs)
  File "/scratch/fad3ew/rtp/.venv/lib/python3.8/site-packages/torch/nn/modules/module.py", line 1527, in _call_impl
    return forward_call(*args, **kwargs)
  File "/sfs/weka/scratch/fad3ew/rtp/rtp/rotated_tensor_parallel.py", line 538, in forward
    outputs = self.module(*args, **kwargs)
  File "/scratch/fad3ew/rtp/.venv/lib/python3.8/site-packages/torch/nn/modules/module.py", line 1518, in _wrapped_call_impl
    return self._call_impl(*args, **kwargs)
  File "/scratch/fad3ew/rtp/.venv/lib/python3.8/site-packages/torch/nn/modules/module.py", line 1527, in _call_impl
    return forward_call(*args, **kwargs)
  File "/scratch/fad3ew/rtp/.venv/lib/python3.8/site-packages/torch/nn/modules/container.py", line 215, in forward
    input = module(input)
  File "/scratch/fad3ew/rtp/.venv/lib/python3.8/site-packages/torch/nn/modules/module.py", line 1518, in _wrapped_call_impl
    return self._call_impl(*args, **kwargs)
  File "/scratch/fad3ew/rtp/.venv/lib/python3.8/site-packages/torch/nn/modules/module.py", line 1527, in _call_impl
    return forward_call(*args, **kwargs)
  File "/sfs/weka/scratch/fad3ew/rtp/benchmarks/transformer_lm_dp.py", line 195, in forward
    return super().forward(src, self.src_mask)
  File "/sfs/weka/scratch/fad3ew/rtp/benchmarks/transformer_lm_dp.py", line 156, in forward
    x = self.norm1(x + self._sa_block(x, src_mask, src_key_padding_mask))
  File "/sfs/weka/scratch/fad3ew/rtp/benchmarks/transformer_lm_dp.py", line 163, in _sa_block
    x = self.self_attn(x, x, x, attn_mask=attn_mask, key_padding_mask=key_padding_mask, need_weights=False)[0]
  File "/scratch/fad3ew/rtp/.venv/lib/python3.8/site-packages/torch/nn/modules/module.py", line 1518, in _wrapped_call_impl
    return self._call_impl(*args, **kwargs)
  File "/scratch/fad3ew/rtp/.venv/lib/python3.8/site-packages/torch/nn/modules/module.py", line 1527, in _call_impl
    return forward_call(*args, **kwargs)
  File "/sfs/weka/scratch/fad3ew/rtp/rtp/rotated_tensor_parallel.py", line 392, in forward
    outputs = self.module_list[index](*args, **kwargs)
  File "/scratch/fad3ew/rtp/.venv/lib/python3.8/site-packages/torch/nn/modules/module.py", line 1518, in _wrapped_call_impl
    return self._call_impl(*args, **kwargs)
  File "/scratch/fad3ew/rtp/.venv/lib/python3.8/site-packages/torch/nn/modules/module.py", line 1527, in _call_impl
    return forward_call(*args, **kwargs)
  File "/sfs/weka/scratch/fad3ew/rtp/rtp/attention.py", line 131, in forward
    attn_output, attn_output_weights = multi_head_attention_forward(
  File "/sfs/weka/scratch/fad3ew/rtp/rtp/module/functional.py", line 830, in multi_head_attention_forward
    attn_output = torch._C._nn.linear(attn_output, out_proj_weight, out_proj_bias)
torch.cuda.OutOfMemoryError: CUDA out of memory. Tried to allocate 32.00 MiB. GPU 4 has a total capacty of 79.15 GiB of which 25.25 MiB is free. Including non-PyTorch memory, this process has 79.11 GiB memory in use. Of the allocated memory 74.56 GiB is allocated by PyTorch, and 2.35 GiB is reserved by PyTorch but unallocated. If reserved but unallocated memory is large try setting max_split_size_mb to avoid fragmentation.  See documentation for Memory Management and PYTORCH_CUDA_ALLOC_CONF
srun: error: udc-an36-31: task 4: Exited with exit code 1
srun: launch/slurm: _step_signal: Terminating StepId=55895623.1
slurmstepd: error: *** STEP 55895623.1 ON udc-an36-31 CANCELLED AT 2023-12-06T00:42:28 ***
srun: error: udc-an36-31: task 3: Exited with exit code 1
srun: error: udc-an36-31: task 2: Terminated
srun: error: udc-an36-31: task 5: Terminated
srun: error: udc-an36-31: task 1: Terminated
srun: error: udc-an36-31: task 0: Terminated
srun: error: udc-an36-31: task 7: Terminated
srun: error: udc-an36-31: task 6: Terminated
srun: Force Terminated StepId=55895623.1
/scratch/fad3ew/rtp/.venv/lib/python3.8/site-packages/torch/autograd/function.py:539: UserWarning: 0NCCL_AVOID_RECORD_STREAMS=1 has no effect for point-to-point collectives. (Triggered internally at ../torch/csrc/distributed/c10d/ProcessGroupNCCL.cpp:1856.)
  return super().apply(*args, **kwargs)  # type: ignore[misc]
Traceback (most recent call last):
  File "benchmarks/multi_rtp_benchmark.py", line 291, in <module>
    benchmark_fsdp(rank, local_rank, args, world_size)
  File "benchmarks/multi_rtp_benchmark.py", line 270, in benchmark_fsdp
    benchmark_language_model(model_config, model, benchmark_config, model_specs, args)
  File "benchmarks/multi_rtp_benchmark.py", line 225, in benchmark_language_model
    wps, t = train(model_config, model, benchmark_config, model_specs, args)
  File "benchmarks/multi_rtp_benchmark.py", line 180, in train
    output = model(input)
  File "/scratch/fad3ew/rtp/.venv/lib/python3.8/site-packages/torch/nn/modules/module.py", line 1518, in _wrapped_call_impl
    return self._call_impl(*args, **kwargs)
  File "/scratch/fad3ew/rtp/.venv/lib/python3.8/site-packages/torch/nn/modules/module.py", line 1527, in _call_impl
    return forward_call(*args, **kwargs)
  File "/sfs/weka/scratch/fad3ew/rtp/rtp/rotated_tensor_parallel.py", line 538, in forward
    outputs = self.module(*args, **kwargs)
  File "/scratch/fad3ew/rtp/.venv/lib/python3.8/site-packages/torch/nn/modules/module.py", line 1518, in _wrapped_call_impl
    return self._call_impl(*args, **kwargs)
  File "/scratch/fad3ew/rtp/.venv/lib/python3.8/site-packages/torch/nn/modules/module.py", line 1527, in _call_impl
    return forward_call(*args, **kwargs)
  File "/scratch/fad3ew/rtp/.venv/lib/python3.8/site-packages/torch/nn/modules/container.py", line 215, in forward
    input = module(input)
  File "/scratch/fad3ew/rtp/.venv/lib/python3.8/site-packages/torch/nn/modules/module.py", line 1518, in _wrapped_call_impl
    return self._call_impl(*args, **kwargs)
  File "/scratch/fad3ew/rtp/.venv/lib/python3.8/site-packages/torch/nn/modules/module.py", line 1527, in _call_impl
    return forward_call(*args, **kwargs)
  File "/sfs/weka/scratch/fad3ew/rtp/benchmarks/transformer_lm_dp.py", line 195, in forward
    return super().forward(src, self.src_mask)
  File "/sfs/weka/scratch/fad3ew/rtp/benchmarks/transformer_lm_dp.py", line 157, in forward
    x = self.norm2(x + self._ff_block(x))
  File "/sfs/weka/scratch/fad3ew/rtp/benchmarks/transformer_lm_dp.py", line 171, in _ff_block
    return self.ff_block(x)
  File "/scratch/fad3ew/rtp/.venv/lib/python3.8/site-packages/torch/nn/modules/module.py", line 1518, in _wrapped_call_impl
    return self._call_impl(*args, **kwargs)
  File "/scratch/fad3ew/rtp/.venv/lib/python3.8/site-packages/torch/nn/modules/module.py", line 1527, in _call_impl
    return forward_call(*args, **kwargs)
  File "/sfs/weka/scratch/fad3ew/rtp/benchmarks/transformer_lm_dp.py", line 72, in forward
    return self.dropout2(self.linear2(self.dropout1(self.activation(self.linear1(x)))))
  File "/scratch/fad3ew/rtp/.venv/lib/python3.8/site-packages/torch/nn/modules/module.py", line 1518, in _wrapped_call_impl
    return self._call_impl(*args, **kwargs)
  File "/scratch/fad3ew/rtp/.venv/lib/python3.8/site-packages/torch/nn/modules/module.py", line 1527, in _call_impl
    return forward_call(*args, **kwargs)
  File "/sfs/weka/scratch/fad3ew/rtp/rtp/rotated_tensor_parallel.py", line 412, in forward
    output_parallel = torch.cat(output_list, dim=self.output_partition_dim).contiguous()
torch.cuda.OutOfMemoryError: CUDA out of memory. Tried to allocate 128.00 MiB. GPU 3 has a total capacty of 79.15 GiB of which 101.25 MiB is free. Including non-PyTorch memory, this process has 79.04 GiB memory in use. Of the allocated memory 74.29 GiB is allocated by PyTorch, and 2.55 GiB is reserved by PyTorch but unallocated. If reserved but unallocated memory is large try setting max_split_size_mb to avoid fragmentation.  See documentation for Memory Management and PYTORCH_CUDA_ALLOC_CONF
/scratch/fad3ew/rtp/.venv/lib/python3.8/site-packages/torch/autograd/function.py:539: UserWarning: 0NCCL_AVOID_RECORD_STREAMS=1 has no effect for point-to-point collectives. (Triggered internally at ../torch/csrc/distributed/c10d/ProcessGroupNCCL.cpp:1856.)
  return super().apply(*args, **kwargs)  # type: ignore[misc]
Traceback (most recent call last):
  File "benchmarks/multi_rtp_benchmark.py", line 291, in <module>
    benchmark_fsdp(rank, local_rank, args, world_size)
  File "benchmarks/multi_rtp_benchmark.py", line 270, in benchmark_fsdp
    benchmark_language_model(model_config, model, benchmark_config, model_specs, args)
  File "benchmarks/multi_rtp_benchmark.py", line 225, in benchmark_language_model
    wps, t = train(model_config, model, benchmark_config, model_specs, args)
  File "benchmarks/multi_rtp_benchmark.py", line 180, in train
    output = model(input)
  File "/scratch/fad3ew/rtp/.venv/lib/python3.8/site-packages/torch/nn/modules/module.py", line 1518, in _wrapped_call_impl
    return self._call_impl(*args, **kwargs)
  File "/scratch/fad3ew/rtp/.venv/lib/python3.8/site-packages/torch/nn/modules/module.py", line 1527, in _call_impl
    return forward_call(*args, **kwargs)
  File "/sfs/weka/scratch/fad3ew/rtp/rtp/rotated_tensor_parallel.py", line 538, in forward
    outputs = self.module(*args, **kwargs)
  File "/scratch/fad3ew/rtp/.venv/lib/python3.8/site-packages/torch/nn/modules/module.py", line 1518, in _wrapped_call_impl
    return self._call_impl(*args, **kwargs)
  File "/scratch/fad3ew/rtp/.venv/lib/python3.8/site-packages/torch/nn/modules/module.py", line 1527, in _call_impl
    return forward_call(*args, **kwargs)
  File "/scratch/fad3ew/rtp/.venv/lib/python3.8/site-packages/torch/nn/modules/container.py", line 215, in forward
    input = module(input)
  File "/scratch/fad3ew/rtp/.venv/lib/python3.8/site-packages/torch/nn/modules/module.py", line 1518, in _wrapped_call_impl
    return self._call_impl(*args, **kwargs)
  File "/scratch/fad3ew/rtp/.venv/lib/python3.8/site-packages/torch/nn/modules/module.py", line 1527, in _call_impl
    return forward_call(*args, **kwargs)
  File "/sfs/weka/scratch/fad3ew/rtp/benchmarks/transformer_lm_dp.py", line 195, in forward
    return super().forward(src, self.src_mask)
  File "/sfs/weka/scratch/fad3ew/rtp/benchmarks/transformer_lm_dp.py", line 157, in forward
    x = self.norm2(x + self._ff_block(x))
  File "/sfs/weka/scratch/fad3ew/rtp/benchmarks/transformer_lm_dp.py", line 171, in _ff_block
    return self.ff_block(x)
  File "/scratch/fad3ew/rtp/.venv/lib/python3.8/site-packages/torch/nn/modules/module.py", line 1518, in _wrapped_call_impl
    return self._call_impl(*args, **kwargs)
  File "/scratch/fad3ew/rtp/.venv/lib/python3.8/site-packages/torch/nn/modules/module.py", line 1527, in _call_impl
    return forward_call(*args, **kwargs)
  File "/sfs/weka/scratch/fad3ew/rtp/benchmarks/transformer_lm_dp.py", line 72, in forward
    return self.dropout2(self.linear2(self.dropout1(self.activation(self.linear1(x)))))
  File "/scratch/fad3ew/rtp/.venv/lib/python3.8/site-packages/torch/nn/modules/module.py", line 1518, in _wrapped_call_impl
    return self._call_impl(*args, **kwargs)
  File "/scratch/fad3ew/rtp/.venv/lib/python3.8/site-packages/torch/nn/modules/module.py", line 1527, in _call_impl
    return forward_call(*args, **kwargs)
  File "/sfs/weka/scratch/fad3ew/rtp/rtp/rotated_tensor_parallel.py", line 412, in forward
    output_parallel = torch.cat(output_list, dim=self.output_partition_dim).contiguous()
torch.cuda.OutOfMemoryError: CUDA out of memory. Tried to allocate 128.00 MiB. GPU 4 has a total capacty of 79.15 GiB of which 101.25 MiB is free. Including non-PyTorch memory, this process has 79.04 GiB memory in use. Of the allocated memory 74.29 GiB is allocated by PyTorch, and 2.55 GiB is reserved by PyTorch but unallocated. If reserved but unallocated memory is large try setting max_split_size_mb to avoid fragmentation.  See documentation for Memory Management and PYTORCH_CUDA_ALLOC_CONF
srun: error: udc-an36-31: task 3: Exited with exit code 1
srun: launch/slurm: _step_signal: Terminating StepId=55895623.2
slurmstepd: error: *** STEP 55895623.2 ON udc-an36-31 CANCELLED AT 2023-12-06T00:47:51 ***
srun: error: udc-an36-31: task 4: Exited with exit code 1
srun: error: udc-an36-31: task 5: Terminated
srun: error: udc-an36-31: task 0: Terminated
srun: error: udc-an36-31: task 2: Terminated
srun: error: udc-an36-31: task 7: Terminated
srun: error: udc-an36-31: task 6: Terminated
srun: error: udc-an36-31: task 1: Terminated
srun: Force Terminated StepId=55895623.2
slurmstepd: error: *** STEP 55895623.3 ON udc-an36-31 CANCELLED AT 2023-12-06T00:51:54 DUE TO TIME LIMIT ***
slurmstepd: error: *** JOB 55895623 ON udc-an36-31 CANCELLED AT 2023-12-06T00:51:54 DUE TO TIME LIMIT ***
