/scratch/fad3ew/rtp/.venv/lib/python3.8/site-packages/torch/autograd/function.py:539: UserWarning: 0NCCL_AVOID_RECORD_STREAMS=1 has no effect for point-to-point collectives. (Triggered internally at ../torch/csrc/distributed/c10d/ProcessGroupNCCL.cpp:1856.)
  return super().apply(*args, **kwargs)  # type: ignore[misc]
/scratch/fad3ew/rtp/.venv/lib/python3.8/site-packages/torch/autograd/function.py:539: UserWarning: 0NCCL_AVOID_RECORD_STREAMS=1 has no effect for point-to-point collectives. (Triggered internally at ../torch/csrc/distributed/c10d/ProcessGroupNCCL.cpp:1856.)
  return super().apply(*args, **kwargs)  # type: ignore[misc]
/scratch/fad3ew/rtp/.venv/lib/python3.8/site-packages/torch/autograd/function.py:539: UserWarning: 0NCCL_AVOID_RECORD_STREAMS=1 has no effect for point-to-point collectives. (Triggered internally at ../torch/csrc/distributed/c10d/ProcessGroupNCCL.cpp:1856.)
  return super().apply(*args, **kwargs)  # type: ignore[misc]
/scratch/fad3ew/rtp/.venv/lib/python3.8/site-packages/torch/autograd/function.py:539: UserWarning: 0NCCL_AVOID_RECORD_STREAMS=1 has no effect for point-to-point collectives. (Triggered internally at ../torch/csrc/distributed/c10d/ProcessGroupNCCL.cpp:1856.)
  return super().apply(*args, **kwargs)  # type: ignore[misc]
/scratch/fad3ew/rtp/.venv/lib/python3.8/site-packages/torch/autograd/function.py:539: UserWarning: 0NCCL_AVOID_RECORD_STREAMS=1 has no effect for point-to-point collectives. (Triggered internally at ../torch/csrc/distributed/c10d/ProcessGroupNCCL.cpp:1856.)
  return super().apply(*args, **kwargs)  # type: ignore[misc]
/scratch/fad3ew/rtp/.venv/lib/python3.8/site-packages/torch/autograd/function.py:539: UserWarning: 0NCCL_AVOID_RECORD_STREAMS=1 has no effect for point-to-point collectives. (Triggered internally at ../torch/csrc/distributed/c10d/ProcessGroupNCCL.cpp:1856.)
  return super().apply(*args, **kwargs)  # type: ignore[misc]
/scratch/fad3ew/rtp/.venv/lib/python3.8/site-packages/torch/autograd/function.py:539: UserWarning: 0NCCL_AVOID_RECORD_STREAMS=1 has no effect for point-to-point collectives. (Triggered internally at ../torch/csrc/distributed/c10d/ProcessGroupNCCL.cpp:1856.)
  return super().apply(*args, **kwargs)  # type: ignore[misc]
/scratch/fad3ew/rtp/.venv/lib/python3.8/site-packages/torch/autograd/function.py:539: UserWarning: 0NCCL_AVOID_RECORD_STREAMS=1 has no effect for point-to-point collectives. (Triggered internally at ../torch/csrc/distributed/c10d/ProcessGroupNCCL.cpp:1856.)
  return super().apply(*args, **kwargs)  # type: ignore[misc]
/scratch/fad3ew/rtp/.venv/lib/python3.8/site-packages/torch/autograd/function.py:539: UserWarning: 0NCCL_AVOID_RECORD_STREAMS=1 has no effect for point-to-point collectives. (Triggered internally at ../torch/csrc/distributed/c10d/ProcessGroupNCCL.cpp:1856.)
  return super().apply(*args, **kwargs)  # type: ignore[misc]
/scratch/fad3ew/rtp/.venv/lib/python3.8/site-packages/torch/autograd/function.py:539: UserWarning: 0NCCL_AVOID_RECORD_STREAMS=1 has no effect for point-to-point collectives. (Triggered internally at ../torch/csrc/distributed/c10d/ProcessGroupNCCL.cpp:1856.)
  return super().apply(*args, **kwargs)  # type: ignore[misc]
/scratch/fad3ew/rtp/.venv/lib/python3.8/site-packages/torch/autograd/function.py:539: UserWarning: 0NCCL_AVOID_RECORD_STREAMS=1 has no effect for point-to-point collectives. (Triggered internally at ../torch/csrc/distributed/c10d/ProcessGroupNCCL.cpp:1856.)
  return super().apply(*args, **kwargs)  # type: ignore[misc]
/scratch/fad3ew/rtp/.venv/lib/python3.8/site-packages/torch/autograd/function.py:539: UserWarning: 0NCCL_AVOID_RECORD_STREAMS=1 has no effect for point-to-point collectives. (Triggered internally at ../torch/csrc/distributed/c10d/ProcessGroupNCCL.cpp:1856.)
  return super().apply(*args, **kwargs)  # type: ignore[misc]
/scratch/fad3ew/rtp/.venv/lib/python3.8/site-packages/torch/autograd/function.py:539: UserWarning: 0NCCL_AVOID_RECORD_STREAMS=1 has no effect for point-to-point collectives. (Triggered internally at ../torch/csrc/distributed/c10d/ProcessGroupNCCL.cpp:1856.)
  return super().apply(*args, **kwargs)  # type: ignore[misc]
/scratch/fad3ew/rtp/.venv/lib/python3.8/site-packages/torch/autograd/function.py:539: UserWarning: 0NCCL_AVOID_RECORD_STREAMS=1 has no effect for point-to-point collectives. (Triggered internally at ../torch/csrc/distributed/c10d/ProcessGroupNCCL.cpp:1856.)
  return super().apply(*args, **kwargs)  # type: ignore[misc]
/scratch/fad3ew/rtp/.venv/lib/python3.8/site-packages/torch/autograd/function.py:539: UserWarning: 0NCCL_AVOID_RECORD_STREAMS=1 has no effect for point-to-point collectives. (Triggered internally at ../torch/csrc/distributed/c10d/ProcessGroupNCCL.cpp:1856.)
  return super().apply(*args, **kwargs)  # type: ignore[misc]
/scratch/fad3ew/rtp/.venv/lib/python3.8/site-packages/torch/autograd/function.py:539: UserWarning: 0NCCL_AVOID_RECORD_STREAMS=1 has no effect for point-to-point collectives. (Triggered internally at ../torch/csrc/distributed/c10d/ProcessGroupNCCL.cpp:1856.)
  return super().apply(*args, **kwargs)  # type: ignore[misc]
/scratch/fad3ew/rtp/.venv/lib/python3.8/site-packages/torch/autograd/function.py:539: UserWarning: 0NCCL_AVOID_RECORD_STREAMS=1 has no effect for point-to-point collectives. (Triggered internally at ../torch/csrc/distributed/c10d/ProcessGroupNCCL.cpp:1856.)
  return super().apply(*args, **kwargs)  # type: ignore[misc]
/scratch/fad3ew/rtp/.venv/lib/python3.8/site-packages/torch/autograd/function.py:539: UserWarning: 0NCCL_AVOID_RECORD_STREAMS=1 has no effect for point-to-point collectives. (Triggered internally at ../torch/csrc/distributed/c10d/ProcessGroupNCCL.cpp:1856.)
  return super().apply(*args, **kwargs)  # type: ignore[misc]
/scratch/fad3ew/rtp/.venv/lib/python3.8/site-packages/torch/autograd/function.py:539: UserWarning: 0NCCL_AVOID_RECORD_STREAMS=1 has no effect for point-to-point collectives. (Triggered internally at ../torch/csrc/distributed/c10d/ProcessGroupNCCL.cpp:1856.)
  return super().apply(*args, **kwargs)  # type: ignore[misc]
/scratch/fad3ew/rtp/.venv/lib/python3.8/site-packages/torch/autograd/function.py:539: UserWarning: 0NCCL_AVOID_RECORD_STREAMS=1 has no effect for point-to-point collectives. (Triggered internally at ../torch/csrc/distributed/c10d/ProcessGroupNCCL.cpp:1856.)
  return super().apply(*args, **kwargs)  # type: ignore[misc]
/scratch/fad3ew/rtp/.venv/lib/python3.8/site-packages/torch/autograd/function.py:539: UserWarning: 0NCCL_AVOID_RECORD_STREAMS=1 has no effect for point-to-point collectives. (Triggered internally at ../torch/csrc/distributed/c10d/ProcessGroupNCCL.cpp:1856.)
  return super().apply(*args, **kwargs)  # type: ignore[misc]
/scratch/fad3ew/rtp/.venv/lib/python3.8/site-packages/torch/autograd/function.py:539: UserWarning: 0NCCL_AVOID_RECORD_STREAMS=1 has no effect for point-to-point collectives. (Triggered internally at ../torch/csrc/distributed/c10d/ProcessGroupNCCL.cpp:1856.)
  return super().apply(*args, **kwargs)  # type: ignore[misc]
/scratch/fad3ew/rtp/.venv/lib/python3.8/site-packages/torch/autograd/function.py:539: UserWarning: 0NCCL_AVOID_RECORD_STREAMS=1 has no effect for point-to-point collectives. (Triggered internally at ../torch/csrc/distributed/c10d/ProcessGroupNCCL.cpp:1856.)
  return super().apply(*args, **kwargs)  # type: ignore[misc]
/scratch/fad3ew/rtp/.venv/lib/python3.8/site-packages/torch/autograd/function.py:539: UserWarning: 0NCCL_AVOID_RECORD_STREAMS=1 has no effect for point-to-point collectives. (Triggered internally at ../torch/csrc/distributed/c10d/ProcessGroupNCCL.cpp:1856.)
  return super().apply(*args, **kwargs)  # type: ignore[misc]
/scratch/fad3ew/rtp/.venv/lib/python3.8/site-packages/torch/autograd/function.py:539: UserWarning: 0NCCL_AVOID_RECORD_STREAMS=1 has no effect for point-to-point collectives. (Triggered internally at ../torch/csrc/distributed/c10d/ProcessGroupNCCL.cpp:1856.)
  return super().apply(*args, **kwargs)  # type: ignore[misc]
/scratch/fad3ew/rtp/.venv/lib/python3.8/site-packages/torch/autograd/function.py:539: UserWarning: 0NCCL_AVOID_RECORD_STREAMS=1 has no effect for point-to-point collectives. (Triggered internally at ../torch/csrc/distributed/c10d/ProcessGroupNCCL.cpp:1856.)
  return super().apply(*args, **kwargs)  # type: ignore[misc]
/scratch/fad3ew/rtp/.venv/lib/python3.8/site-packages/torch/autograd/function.py:539: UserWarning: 0NCCL_AVOID_RECORD_STREAMS=1 has no effect for point-to-point collectives. (Triggered internally at ../torch/csrc/distributed/c10d/ProcessGroupNCCL.cpp:1856.)
  return super().apply(*args, **kwargs)  # type: ignore[misc]
/scratch/fad3ew/rtp/.venv/lib/python3.8/site-packages/torch/autograd/function.py:539: UserWarning: 0NCCL_AVOID_RECORD_STREAMS=1 has no effect for point-to-point collectives. (Triggered internally at ../torch/csrc/distributed/c10d/ProcessGroupNCCL.cpp:1856.)
  return super().apply(*args, **kwargs)  # type: ignore[misc]
/scratch/fad3ew/rtp/.venv/lib/python3.8/site-packages/torch/autograd/function.py:539: UserWarning: 0NCCL_AVOID_RECORD_STREAMS=1 has no effect for point-to-point collectives. (Triggered internally at ../torch/csrc/distributed/c10d/ProcessGroupNCCL.cpp:1856.)
  return super().apply(*args, **kwargs)  # type: ignore[misc]
/scratch/fad3ew/rtp/.venv/lib/python3.8/site-packages/torch/autograd/function.py:539: UserWarning: 0NCCL_AVOID_RECORD_STREAMS=1 has no effect for point-to-point collectives. (Triggered internally at ../torch/csrc/distributed/c10d/ProcessGroupNCCL.cpp:1856.)
  return super().apply(*args, **kwargs)  # type: ignore[misc]
/scratch/fad3ew/rtp/.venv/lib/python3.8/site-packages/torch/autograd/function.py:539: UserWarning: 0NCCL_AVOID_RECORD_STREAMS=1 has no effect for point-to-point collectives. (Triggered internally at ../torch/csrc/distributed/c10d/ProcessGroupNCCL.cpp:1856.)
  return super().apply(*args, **kwargs)  # type: ignore[misc]
/scratch/fad3ew/rtp/.venv/lib/python3.8/site-packages/torch/autograd/function.py:539: UserWarning: 0NCCL_AVOID_RECORD_STREAMS=1 has no effect for point-to-point collectives. (Triggered internally at ../torch/csrc/distributed/c10d/ProcessGroupNCCL.cpp:1856.)
  return super().apply(*args, **kwargs)  # type: ignore[misc]
srun: Job step aborted: Waiting up to 32 seconds for job step to finish.
slurmstepd: error: *** STEP 55897782.4 ON udc-an36-31 CANCELLED AT 2023-12-06T04:21:27 DUE TO TIME LIMIT ***
slurmstepd: error: *** JOB 55897782 ON udc-an36-31 CANCELLED AT 2023-12-06T04:21:27 DUE TO TIME LIMIT ***
