/scratch/fad3ew/rtp/.venv/lib/python3.8/site-packages/torch/autograd/function.py:539: UserWarning: 0NCCL_AVOID_RECORD_STREAMS=1 has no effect for point-to-point collectives. (Triggered internally at ../torch/csrc/distributed/c10d/ProcessGroupNCCL.cpp:1856.)
  return super().apply(*args, **kwargs)  # type: ignore[misc]
/scratch/fad3ew/rtp/.venv/lib/python3.8/site-packages/torch/autograd/function.py:539: UserWarning: 0NCCL_AVOID_RECORD_STREAMS=1 has no effect for point-to-point collectives. (Triggered internally at ../torch/csrc/distributed/c10d/ProcessGroupNCCL.cpp:1856.)
  return super().apply(*args, **kwargs)  # type: ignore[misc]
/scratch/fad3ew/rtp/.venv/lib/python3.8/site-packages/torch/autograd/function.py:539: UserWarning: 0NCCL_AVOID_RECORD_STREAMS=1 has no effect for point-to-point collectives. (Triggered internally at ../torch/csrc/distributed/c10d/ProcessGroupNCCL.cpp:1856.)
  return super().apply(*args, **kwargs)  # type: ignore[misc]
/scratch/fad3ew/rtp/.venv/lib/python3.8/site-packages/torch/autograd/function.py:539: UserWarning: 0NCCL_AVOID_RECORD_STREAMS=1 has no effect for point-to-point collectives. (Triggered internally at ../torch/csrc/distributed/c10d/ProcessGroupNCCL.cpp:1856.)
  return super().apply(*args, **kwargs)  # type: ignore[misc]
/scratch/fad3ew/rtp/.venv/lib/python3.8/site-packages/torch/autograd/function.py:539: UserWarning: 0NCCL_AVOID_RECORD_STREAMS=1 has no effect for point-to-point collectives. (Triggered internally at ../torch/csrc/distributed/c10d/ProcessGroupNCCL.cpp:1856.)
  return super().apply(*args, **kwargs)  # type: ignore[misc]
/scratch/fad3ew/rtp/.venv/lib/python3.8/site-packages/torch/autograd/function.py:539: UserWarning: 0NCCL_AVOID_RECORD_STREAMS=1 has no effect for point-to-point collectives. (Triggered internally at ../torch/csrc/distributed/c10d/ProcessGroupNCCL.cpp:1856.)
  return super().apply(*args, **kwargs)  # type: ignore[misc]
/scratch/fad3ew/rtp/.venv/lib/python3.8/site-packages/torch/autograd/function.py:539: UserWarning: 0NCCL_AVOID_RECORD_STREAMS=1 has no effect for point-to-point collectives. (Triggered internally at ../torch/csrc/distributed/c10d/ProcessGroupNCCL.cpp:1856.)
  return super().apply(*args, **kwargs)  # type: ignore[misc]
/scratch/fad3ew/rtp/.venv/lib/python3.8/site-packages/torch/autograd/function.py:539: UserWarning: 0NCCL_AVOID_RECORD_STREAMS=1 has no effect for point-to-point collectives. (Triggered internally at ../torch/csrc/distributed/c10d/ProcessGroupNCCL.cpp:1856.)
  return super().apply(*args, **kwargs)  # type: ignore[misc]
/scratch/fad3ew/rtp/.venv/lib/python3.8/site-packages/torch/autograd/function.py:539: UserWarning: 0NCCL_AVOID_RECORD_STREAMS=1 has no effect for point-to-point collectives. (Triggered internally at ../torch/csrc/distributed/c10d/ProcessGroupNCCL.cpp:1856.)
  return super().apply(*args, **kwargs)  # type: ignore[misc]
/scratch/fad3ew/rtp/.venv/lib/python3.8/site-packages/torch/autograd/function.py:539: UserWarning: 0NCCL_AVOID_RECORD_STREAMS=1 has no effect for point-to-point collectives. (Triggered internally at ../torch/csrc/distributed/c10d/ProcessGroupNCCL.cpp:1856.)
  return super().apply(*args, **kwargs)  # type: ignore[misc]
/scratch/fad3ew/rtp/.venv/lib/python3.8/site-packages/torch/autograd/function.py:539: UserWarning: 0NCCL_AVOID_RECORD_STREAMS=1 has no effect for point-to-point collectives. (Triggered internally at ../torch/csrc/distributed/c10d/ProcessGroupNCCL.cpp:1856.)
  return super().apply(*args, **kwargs)  # type: ignore[misc]
/scratch/fad3ew/rtp/.venv/lib/python3.8/site-packages/torch/autograd/function.py:539: UserWarning: 0NCCL_AVOID_RECORD_STREAMS=1 has no effect for point-to-point collectives. (Triggered internally at ../torch/csrc/distributed/c10d/ProcessGroupNCCL.cpp:1856.)
  return super().apply(*args, **kwargs)  # type: ignore[misc]
/scratch/fad3ew/rtp/.venv/lib/python3.8/site-packages/torch/autograd/function.py:539: UserWarning: 0NCCL_AVOID_RECORD_STREAMS=1 has no effect for point-to-point collectives. (Triggered internally at ../torch/csrc/distributed/c10d/ProcessGroupNCCL.cpp:1856.)
  return super().apply(*args, **kwargs)  # type: ignore[misc]
/scratch/fad3ew/rtp/.venv/lib/python3.8/site-packages/torch/autograd/function.py:539: UserWarning: 0NCCL_AVOID_RECORD_STREAMS=1 has no effect for point-to-point collectives. (Triggered internally at ../torch/csrc/distributed/c10d/ProcessGroupNCCL.cpp:1856.)
  return super().apply(*args, **kwargs)  # type: ignore[misc]
/scratch/fad3ew/rtp/.venv/lib/python3.8/site-packages/torch/autograd/function.py:539: UserWarning: 0NCCL_AVOID_RECORD_STREAMS=1 has no effect for point-to-point collectives. (Triggered internally at ../torch/csrc/distributed/c10d/ProcessGroupNCCL.cpp:1856.)
  return super().apply(*args, **kwargs)  # type: ignore[misc]
/scratch/fad3ew/rtp/.venv/lib/python3.8/site-packages/torch/autograd/function.py:539: UserWarning: 0NCCL_AVOID_RECORD_STREAMS=1 has no effect for point-to-point collectives. (Triggered internally at ../torch/csrc/distributed/c10d/ProcessGroupNCCL.cpp:1856.)
  return super().apply(*args, **kwargs)  # type: ignore[misc]
/scratch/fad3ew/rtp/.venv/lib/python3.8/site-packages/torch/autograd/function.py:539: UserWarning: 0NCCL_AVOID_RECORD_STREAMS=1 has no effect for point-to-point collectives. (Triggered internally at ../torch/csrc/distributed/c10d/ProcessGroupNCCL.cpp:1856.)
  return super().apply(*args, **kwargs)  # type: ignore[misc]
/scratch/fad3ew/rtp/.venv/lib/python3.8/site-packages/torch/autograd/function.py:539: UserWarning: 0NCCL_AVOID_RECORD_STREAMS=1 has no effect for point-to-point collectives. (Triggered internally at ../torch/csrc/distributed/c10d/ProcessGroupNCCL.cpp:1856.)
  return super().apply(*args, **kwargs)  # type: ignore[misc]
/scratch/fad3ew/rtp/.venv/lib/python3.8/site-packages/torch/autograd/function.py:539: UserWarning: 0NCCL_AVOID_RECORD_STREAMS=1 has no effect for point-to-point collectives. (Triggered internally at ../torch/csrc/distributed/c10d/ProcessGroupNCCL.cpp:1856.)
  return super().apply(*args, **kwargs)  # type: ignore[misc]
/scratch/fad3ew/rtp/.venv/lib/python3.8/site-packages/torch/autograd/function.py:539: UserWarning: 0NCCL_AVOID_RECORD_STREAMS=1 has no effect for point-to-point collectives. (Triggered internally at ../torch/csrc/distributed/c10d/ProcessGroupNCCL.cpp:1856.)
  return super().apply(*args, **kwargs)  # type: ignore[misc]
/scratch/fad3ew/rtp/.venv/lib/python3.8/site-packages/torch/autograd/function.py:539: UserWarning: 0NCCL_AVOID_RECORD_STREAMS=1 has no effect for point-to-point collectives. (Triggered internally at ../torch/csrc/distributed/c10d/ProcessGroupNCCL.cpp:1856.)
  return super().apply(*args, **kwargs)  # type: ignore[misc]
/scratch/fad3ew/rtp/.venv/lib/python3.8/site-packages/torch/autograd/function.py:539: UserWarning: 0NCCL_AVOID_RECORD_STREAMS=1 has no effect for point-to-point collectives. (Triggered internally at ../torch/csrc/distributed/c10d/ProcessGroupNCCL.cpp:1856.)
  return super().apply(*args, **kwargs)  # type: ignore[misc]
/scratch/fad3ew/rtp/.venv/lib/python3.8/site-packages/torch/autograd/function.py:539: UserWarning: 0NCCL_AVOID_RECORD_STREAMS=1 has no effect for point-to-point collectives. (Triggered internally at ../torch/csrc/distributed/c10d/ProcessGroupNCCL.cpp:1856.)
  return super().apply(*args, **kwargs)  # type: ignore[misc]
/scratch/fad3ew/rtp/.venv/lib/python3.8/site-packages/torch/autograd/function.py:539: UserWarning: 0NCCL_AVOID_RECORD_STREAMS=1 has no effect for point-to-point collectives. (Triggered internally at ../torch/csrc/distributed/c10d/ProcessGroupNCCL.cpp:1856.)
  return super().apply(*args, **kwargs)  # type: ignore[misc]
/scratch/fad3ew/rtp/.venv/lib/python3.8/site-packages/torch/autograd/function.py:539: UserWarning: 0NCCL_AVOID_RECORD_STREAMS=1 has no effect for point-to-point collectives. (Triggered internally at ../torch/csrc/distributed/c10d/ProcessGroupNCCL.cpp:1856.)
  return super().apply(*args, **kwargs)  # type: ignore[misc]
/scratch/fad3ew/rtp/.venv/lib/python3.8/site-packages/torch/autograd/function.py:539: UserWarning: 0NCCL_AVOID_RECORD_STREAMS=1 has no effect for point-to-point collectives. (Triggered internally at ../torch/csrc/distributed/c10d/ProcessGroupNCCL.cpp:1856.)
  return super().apply(*args, **kwargs)  # type: ignore[misc]
/scratch/fad3ew/rtp/.venv/lib/python3.8/site-packages/torch/autograd/function.py:539: UserWarning: 0NCCL_AVOID_RECORD_STREAMS=1 has no effect for point-to-point collectives. (Triggered internally at ../torch/csrc/distributed/c10d/ProcessGroupNCCL.cpp:1856.)
  return super().apply(*args, **kwargs)  # type: ignore[misc]
/scratch/fad3ew/rtp/.venv/lib/python3.8/site-packages/torch/autograd/function.py:539: UserWarning: 0NCCL_AVOID_RECORD_STREAMS=1 has no effect for point-to-point collectives. (Triggered internally at ../torch/csrc/distributed/c10d/ProcessGroupNCCL.cpp:1856.)
  return super().apply(*args, **kwargs)  # type: ignore[misc]
/scratch/fad3ew/rtp/.venv/lib/python3.8/site-packages/torch/autograd/function.py:539: UserWarning: 0NCCL_AVOID_RECORD_STREAMS=1 has no effect for point-to-point collectives. (Triggered internally at ../torch/csrc/distributed/c10d/ProcessGroupNCCL.cpp:1856.)
  return super().apply(*args, **kwargs)  # type: ignore[misc]
/scratch/fad3ew/rtp/.venv/lib/python3.8/site-packages/torch/autograd/function.py:539: UserWarning: 0NCCL_AVOID_RECORD_STREAMS=1 has no effect for point-to-point collectives. (Triggered internally at ../torch/csrc/distributed/c10d/ProcessGroupNCCL.cpp:1856.)
  return super().apply(*args, **kwargs)  # type: ignore[misc]
/scratch/fad3ew/rtp/.venv/lib/python3.8/site-packages/torch/autograd/function.py:539: UserWarning: 0NCCL_AVOID_RECORD_STREAMS=1 has no effect for point-to-point collectives. (Triggered internally at ../torch/csrc/distributed/c10d/ProcessGroupNCCL.cpp:1856.)
  return super().apply(*args, **kwargs)  # type: ignore[misc]
/scratch/fad3ew/rtp/.venv/lib/python3.8/site-packages/torch/autograd/function.py:539: UserWarning: 0NCCL_AVOID_RECORD_STREAMS=1 has no effect for point-to-point collectives. (Triggered internally at ../torch/csrc/distributed/c10d/ProcessGroupNCCL.cpp:1856.)
  return super().apply(*args, **kwargs)  # type: ignore[misc]
/scratch/fad3ew/rtp/.venv/lib/python3.8/site-packages/torch/autograd/function.py:539: UserWarning: 0NCCL_AVOID_RECORD_STREAMS=1 has no effect for point-to-point collectives. (Triggered internally at ../torch/csrc/distributed/c10d/ProcessGroupNCCL.cpp:1856.)
  return super().apply(*args, **kwargs)  # type: ignore[misc]
/scratch/fad3ew/rtp/.venv/lib/python3.8/site-packages/torch/autograd/function.py:539: UserWarning: 0NCCL_AVOID_RECORD_STREAMS=1 has no effect for point-to-point collectives. (Triggered internally at ../torch/csrc/distributed/c10d/ProcessGroupNCCL.cpp:1856.)
  return super().apply(*args, **kwargs)  # type: ignore[misc]
/scratch/fad3ew/rtp/.venv/lib/python3.8/site-packages/torch/autograd/function.py:539: UserWarning: 0NCCL_AVOID_RECORD_STREAMS=1 has no effect for point-to-point collectives. (Triggered internally at ../torch/csrc/distributed/c10d/ProcessGroupNCCL.cpp:1856.)
  return super().apply(*args, **kwargs)  # type: ignore[misc]
/scratch/fad3ew/rtp/.venv/lib/python3.8/site-packages/torch/autograd/function.py:539: UserWarning: 0NCCL_AVOID_RECORD_STREAMS=1 has no effect for point-to-point collectives. (Triggered internally at ../torch/csrc/distributed/c10d/ProcessGroupNCCL.cpp:1856.)
  return super().apply(*args, **kwargs)  # type: ignore[misc]
/scratch/fad3ew/rtp/.venv/lib/python3.8/site-packages/torch/autograd/function.py:539: UserWarning: 0NCCL_AVOID_RECORD_STREAMS=1 has no effect for point-to-point collectives. (Triggered internally at ../torch/csrc/distributed/c10d/ProcessGroupNCCL.cpp:1856.)
  return super().apply(*args, **kwargs)  # type: ignore[misc]
/scratch/fad3ew/rtp/.venv/lib/python3.8/site-packages/torch/autograd/function.py:539: UserWarning: 0NCCL_AVOID_RECORD_STREAMS=1 has no effect for point-to-point collectives. (Triggered internally at ../torch/csrc/distributed/c10d/ProcessGroupNCCL.cpp:1856.)
  return super().apply(*args, **kwargs)  # type: ignore[misc]
/scratch/fad3ew/rtp/.venv/lib/python3.8/site-packages/torch/autograd/function.py:539: UserWarning: 0NCCL_AVOID_RECORD_STREAMS=1 has no effect for point-to-point collectives. (Triggered internally at ../torch/csrc/distributed/c10d/ProcessGroupNCCL.cpp:1856.)
  return super().apply(*args, **kwargs)  # type: ignore[misc]
/scratch/fad3ew/rtp/.venv/lib/python3.8/site-packages/torch/autograd/function.py:539: UserWarning: 0NCCL_AVOID_RECORD_STREAMS=1 has no effect for point-to-point collectives. (Triggered internally at ../torch/csrc/distributed/c10d/ProcessGroupNCCL.cpp:1856.)
  return super().apply(*args, **kwargs)  # type: ignore[misc]
/scratch/fad3ew/rtp/.venv/lib/python3.8/site-packages/torch/autograd/function.py:539: UserWarning: 0NCCL_AVOID_RECORD_STREAMS=1 has no effect for point-to-point collectives. (Triggered internally at ../torch/csrc/distributed/c10d/ProcessGroupNCCL.cpp:1856.)
  return super().apply(*args, **kwargs)  # type: ignore[misc]
/scratch/fad3ew/rtp/.venv/lib/python3.8/site-packages/torch/autograd/function.py:539: UserWarning: 0NCCL_AVOID_RECORD_STREAMS=1 has no effect for point-to-point collectives. (Triggered internally at ../torch/csrc/distributed/c10d/ProcessGroupNCCL.cpp:1856.)
  return super().apply(*args, **kwargs)  # type: ignore[misc]
Traceback (most recent call last):
  File "benchmarks/multi_rtp_benchmark.py", line 271, in <module>
    benchmark_fsdp(rank, local_rank, args, world_size)
  File "benchmarks/multi_rtp_benchmark.py", line 250, in benchmark_fsdp
    benchmark_language_model(model_config, model, benchmark_config, model_specs, args)
  File "benchmarks/multi_rtp_benchmark.py", line 215, in benchmark_language_model
    wps, t = train(model_config, model, benchmark_config, model_specs, args)
  File "benchmarks/multi_rtp_benchmark.py", line 170, in train
    output = model(input)
  File "/scratch/fad3ew/rtp/.venv/lib/python3.8/site-packages/torch/nn/modules/module.py", line 1518, in _wrapped_call_impl
    return self._call_impl(*args, **kwargs)
  File "/scratch/fad3ew/rtp/.venv/lib/python3.8/site-packages/torch/nn/modules/module.py", line 1527, in _call_impl
    return forward_call(*args, **kwargs)
  File "/sfs/weka/scratch/fad3ew/rtp/rtp/rotated_tensor_parallel.py", line 542, in forward
    outputs = self.module(*args, **kwargs)
  File "/scratch/fad3ew/rtp/.venv/lib/python3.8/site-packages/torch/nn/modules/module.py", line 1518, in _wrapped_call_impl
    return self._call_impl(*args, **kwargs)
  File "/scratch/fad3ew/rtp/.venv/lib/python3.8/site-packages/torch/nn/modules/module.py", line 1527, in _call_impl
    return forward_call(*args, **kwargs)
  File "/scratch/fad3ew/rtp/.venv/lib/python3.8/site-packages/torch/nn/modules/container.py", line 215, in forward
    input = module(input)
  File "/scratch/fad3ew/rtp/.venv/lib/python3.8/site-packages/torch/nn/modules/module.py", line 1518, in _wrapped_call_impl
    return self._call_impl(*args, **kwargs)
  File "/scratch/fad3ew/rtp/.venv/lib/python3.8/site-packages/torch/nn/modules/module.py", line 1527, in _call_impl
    return forward_call(*args, **kwargs)
  File "/sfs/weka/scratch/fad3ew/rtp/benchmarks/transformer_lm_dp.py", line 195, in forward
    return super().forward(src, self.src_mask)
  File "/sfs/weka/scratch/fad3ew/rtp/benchmarks/transformer_lm_dp.py", line 157, in forward
    x = self.norm2(x + self._ff_block(x))
  File "/sfs/weka/scratch/fad3ew/rtp/benchmarks/transformer_lm_dp.py", line 171, in _ff_block
    return self.ff_block(x)
  File "/scratch/fad3ew/rtp/.venv/lib/python3.8/site-packages/torch/nn/modules/module.py", line 1518, in _wrapped_call_impl
    return self._call_impl(*args, **kwargs)
  File "/scratch/fad3ew/rtp/.venv/lib/python3.8/site-packages/torch/nn/modules/module.py", line 1527, in _call_impl
    return forward_call(*args, **kwargs)
  File "/sfs/weka/scratch/fad3ew/rtp/benchmarks/transformer_lm_dp.py", line 72, in forward
    return self.dropout2(self.linear2(self.dropout1(self.activation(self.linear1(x)))))
  File "/scratch/fad3ew/rtp/.venv/lib/python3.8/site-packages/torch/nn/modules/module.py", line 1518, in _wrapped_call_impl
    return self._call_impl(*args, **kwargs)
  File "/scratch/fad3ew/rtp/.venv/lib/python3.8/site-packages/torch/nn/modules/module.py", line 1527, in _call_impl
    return forward_call(*args, **kwargs)
  File "/sfs/weka/scratch/fad3ew/rtp/rtp/rotated_tensor_parallel.py", line 420, in forward
    output_parallel = torch.cat(output_list, dim=self.output_partition_dim).contiguous()
torch.cuda.OutOfMemoryError: CUDA out of memory. Tried to allocate 256.00 MiB. GPU 1 has a total capacty of 31.74 GiB of which 147.62 MiB is free. Including non-PyTorch memory, this process has 31.59 GiB memory in use. Of the allocated memory 29.52 GiB is allocated by PyTorch, and 1.52 GiB is reserved by PyTorch but unallocated. If reserved but unallocated memory is large try setting max_split_size_mb to avoid fragmentation.  See documentation for Memory Management and PYTORCH_CUDA_ALLOC_CONF
Traceback (most recent call last):
  File "benchmarks/multi_rtp_benchmark.py", line 271, in <module>
    benchmark_fsdp(rank, local_rank, args, world_size)
  File "benchmarks/multi_rtp_benchmark.py", line 250, in benchmark_fsdp
    benchmark_language_model(model_config, model, benchmark_config, model_specs, args)
  File "benchmarks/multi_rtp_benchmark.py", line 215, in benchmark_language_model
    wps, t = train(model_config, model, benchmark_config, model_specs, args)
  File "benchmarks/multi_rtp_benchmark.py", line 170, in train
    output = model(input)
  File "/scratch/fad3ew/rtp/.venv/lib/python3.8/site-packages/torch/nn/modules/module.py", line 1518, in _wrapped_call_impl
    return self._call_impl(*args, **kwargs)
  File "/scratch/fad3ew/rtp/.venv/lib/python3.8/site-packages/torch/nn/modules/module.py", line 1527, in _call_impl
    return forward_call(*args, **kwargs)
  File "/sfs/weka/scratch/fad3ew/rtp/rtp/rotated_tensor_parallel.py", line 542, in forward
    outputs = self.module(*args, **kwargs)
/scratch/fad3ew/rtp/.venv/lib/python3.8/site-packages/torch/autograd/function.py:539: UserWarning: 0NCCL_AVOID_RECORD_STREAMS=1 has no effect for point-to-point collectives. (Triggered internally at ../torch/csrc/distributed/c10d/ProcessGroupNCCL.cpp:1856.)
  return super().apply(*args, **kwargs)  # type: ignore[misc]
  File "/scratch/fad3ew/rtp/.venv/lib/python3.8/site-packages/torch/nn/modules/module.py", line 1518, in _wrapped_call_impl
    return self._call_impl(*args, **kwargs)
  File "/scratch/fad3ew/rtp/.venv/lib/python3.8/site-packages/torch/nn/modules/module.py", line 1527, in _call_impl
    return forward_call(*args, **kwargs)
  File "/scratch/fad3ew/rtp/.venv/lib/python3.8/site-packages/torch/nn/modules/container.py", line 215, in forward
    input = module(input)
  File "/scratch/fad3ew/rtp/.venv/lib/python3.8/site-packages/torch/nn/modules/module.py", line 1518, in _wrapped_call_impl
    return self._call_impl(*args, **kwargs)
  File "/scratch/fad3ew/rtp/.venv/lib/python3.8/site-packages/torch/nn/modules/module.py", line 1527, in _call_impl
    return forward_call(*args, **kwargs)
  File "/sfs/weka/scratch/fad3ew/rtp/benchmarks/transformer_lm_dp.py", line 195, in forward
    return super().forward(src, self.src_mask)
  File "/sfs/weka/scratch/fad3ew/rtp/benchmarks/transformer_lm_dp.py", line 157, in forward
    x = self.norm2(x + self._ff_block(x))
  File "/sfs/weka/scratch/fad3ew/rtp/benchmarks/transformer_lm_dp.py", line 171, in _ff_block
    return self.ff_block(x)
  File "/scratch/fad3ew/rtp/.venv/lib/python3.8/site-packages/torch/nn/modules/module.py", line 1518, in _wrapped_call_impl
    return self._call_impl(*args, **kwargs)
  File "/scratch/fad3ew/rtp/.venv/lib/python3.8/site-packages/torch/nn/modules/module.py", line 1527, in _call_impl
    return forward_call(*args, **kwargs)
  File "/sfs/weka/scratch/fad3ew/rtp/benchmarks/transformer_lm_dp.py", line 72, in forward
    return self.dropout2(self.linear2(self.dropout1(self.activation(self.linear1(x)))))
  File "/scratch/fad3ew/rtp/.venv/lib/python3.8/site-packages/torch/nn/modules/module.py", line 1518, in _wrapped_call_impl
    return self._call_impl(*args, **kwargs)
  File "/scratch/fad3ew/rtp/.venv/lib/python3.8/site-packages/torch/nn/modules/module.py", line 1527, in _call_impl
    return forward_call(*args, **kwargs)
  File "/sfs/weka/scratch/fad3ew/rtp/rtp/rotated_tensor_parallel.py", line 420, in forward
    output_parallel = torch.cat(output_list, dim=self.output_partition_dim).contiguous()
torch.cuda.OutOfMemoryError: CUDA out of memory. Tried to allocate 256.00 MiB. GPU 0 has a total capacty of 31.74 GiB of which 191.62 MiB is free. Including non-PyTorch memory, this process has 31.55 GiB memory in use. Of the allocated memory 29.52 GiB is allocated by PyTorch, and 1.52 GiB is reserved by PyTorch but unallocated. If reserved but unallocated memory is large try setting max_split_size_mb to avoid fragmentation.  See documentation for Memory Management and PYTORCH_CUDA_ALLOC_CONF
/scratch/fad3ew/rtp/.venv/lib/python3.8/site-packages/torch/autograd/function.py:539: UserWarning: 0NCCL_AVOID_RECORD_STREAMS=1 has no effect for point-to-point collectives. (Triggered internally at ../torch/csrc/distributed/c10d/ProcessGroupNCCL.cpp:1856.)
  return super().apply(*args, **kwargs)  # type: ignore[misc]
/scratch/fad3ew/rtp/.venv/lib/python3.8/site-packages/torch/autograd/function.py:539: UserWarning: 0NCCL_AVOID_RECORD_STREAMS=1 has no effect for point-to-point collectives. (Triggered internally at ../torch/csrc/distributed/c10d/ProcessGroupNCCL.cpp:1856.)
  return super().apply(*args, **kwargs)  # type: ignore[misc]
Traceback (most recent call last):
  File "benchmarks/multi_rtp_benchmark.py", line 271, in <module>
    benchmark_fsdp(rank, local_rank, args, world_size)
  File "benchmarks/multi_rtp_benchmark.py", line 250, in benchmark_fsdp
    benchmark_language_model(model_config, model, benchmark_config, model_specs, args)
  File "benchmarks/multi_rtp_benchmark.py", line 215, in benchmark_language_model
    wps, t = train(model_config, model, benchmark_config, model_specs, args)
  File "benchmarks/multi_rtp_benchmark.py", line 170, in train
    output = model(input)
  File "/scratch/fad3ew/rtp/.venv/lib/python3.8/site-packages/torch/nn/modules/module.py", line 1518, in _wrapped_call_impl
    return self._call_impl(*args, **kwargs)
  File "/scratch/fad3ew/rtp/.venv/lib/python3.8/site-packages/torch/nn/modules/module.py", line 1527, in _call_impl
    return forward_call(*args, **kwargs)
  File "/sfs/weka/scratch/fad3ew/rtp/rtp/rotated_tensor_parallel.py", line 542, in forward
    outputs = self.module(*args, **kwargs)
  File "/scratch/fad3ew/rtp/.venv/lib/python3.8/site-packages/torch/nn/modules/module.py", line 1518, in _wrapped_call_impl
    return self._call_impl(*args, **kwargs)
  File "/scratch/fad3ew/rtp/.venv/lib/python3.8/site-packages/torch/nn/modules/module.py", line 1527, in _call_impl
    return forward_call(*args, **kwargs)
  File "/scratch/fad3ew/rtp/.venv/lib/python3.8/site-packages/torch/nn/modules/container.py", line 215, in forward
    input = module(input)
  File "/scratch/fad3ew/rtp/.venv/lib/python3.8/site-packages/torch/nn/modules/module.py", line 1518, in _wrapped_call_impl
    return self._call_impl(*args, **kwargs)
  File "/scratch/fad3ew/rtp/.venv/lib/python3.8/site-packages/torch/nn/modules/module.py", line 1527, in _call_impl
    return forward_call(*args, **kwargs)
  File "/sfs/weka/scratch/fad3ew/rtp/benchmarks/transformer_lm_dp.py", line 195, in forward
    return super().forward(src, self.src_mask)
  File "/sfs/weka/scratch/fad3ew/rtp/benchmarks/transformer_lm_dp.py", line 157, in forward
    x = self.norm2(x + self._ff_block(x))
  File "/sfs/weka/scratch/fad3ew/rtp/benchmarks/transformer_lm_dp.py", line 171, in _ff_block
    return self.ff_block(x)
  File "/scratch/fad3ew/rtp/.venv/lib/python3.8/site-packages/torch/nn/modules/module.py", line 1518, in _wrapped_call_impl
    return self._call_impl(*args, **kwargs)
  File "/scratch/fad3ew/rtp/.venv/lib/python3.8/site-packages/torch/nn/modules/module.py", line 1527, in _call_impl
    return forward_call(*args, **kwargs)
  File "/sfs/weka/scratch/fad3ew/rtp/benchmarks/transformer_lm_dp.py", line 72, in forward
    return self.dropout2(self.linear2(self.dropout1(self.activation(self.linear1(x)))))
  File "/scratch/fad3ew/rtp/.venv/lib/python3.8/site-packages/torch/nn/modules/module.py", line 1518, in _wrapped_call_impl
    return self._call_impl(*args, **kwargs)
  File "/scratch/fad3ew/rtp/.venv/lib/python3.8/site-packages/torch/nn/modules/module.py", line 1527, in _call_impl
    return forward_call(*args, **kwargs)
  File "/sfs/weka/scratch/fad3ew/rtp/rtp/rotated_tensor_parallel.py", line 420, in forward
    output_parallel = torch.cat(output_list, dim=self.output_partition_dim).contiguous()
torch.cuda.OutOfMemoryError: CUDA out of memory. Tried to allocate 256.00 MiB. GPU 3 has a total capacty of 31.74 GiB of which 207.62 MiB is free. Including non-PyTorch memory, this process has 31.53 GiB memory in use. Of the allocated memory 29.52 GiB is allocated by PyTorch, and 1.49 GiB is reserved by PyTorch but unallocated. If reserved but unallocated memory is large try setting max_split_size_mb to avoid fragmentation.  See documentation for Memory Management and PYTORCH_CUDA_ALLOC_CONF
Traceback (most recent call last):
  File "benchmarks/multi_rtp_benchmark.py", line 271, in <module>
    benchmark_fsdp(rank, local_rank, args, world_size)
  File "benchmarks/multi_rtp_benchmark.py", line 250, in benchmark_fsdp
    benchmark_language_model(model_config, model, benchmark_config, model_specs, args)
  File "benchmarks/multi_rtp_benchmark.py", line 215, in benchmark_language_model
    wps, t = train(model_config, model, benchmark_config, model_specs, args)
  File "benchmarks/multi_rtp_benchmark.py", line 170, in train
    output = model(input)
  File "/scratch/fad3ew/rtp/.venv/lib/python3.8/site-packages/torch/nn/modules/module.py", line 1518, in _wrapped_call_impl
    return self._call_impl(*args, **kwargs)
  File "/scratch/fad3ew/rtp/.venv/lib/python3.8/site-packages/torch/nn/modules/module.py", line 1527, in _call_impl
    return forward_call(*args, **kwargs)
  File "/sfs/weka/scratch/fad3ew/rtp/rtp/rotated_tensor_parallel.py", line 542, in forward
    outputs = self.module(*args, **kwargs)
  File "/scratch/fad3ew/rtp/.venv/lib/python3.8/site-packages/torch/nn/modules/module.py", line 1518, in _wrapped_call_impl
    return self._call_impl(*args, **kwargs)
  File "/scratch/fad3ew/rtp/.venv/lib/python3.8/site-packages/torch/nn/modules/module.py", line 1527, in _call_impl
    return forward_call(*args, **kwargs)
  File "/scratch/fad3ew/rtp/.venv/lib/python3.8/site-packages/torch/nn/modules/container.py", line 215, in forward
    input = module(input)
  File "/scratch/fad3ew/rtp/.venv/lib/python3.8/site-packages/torch/nn/modules/module.py", line 1518, in _wrapped_call_impl
    return self._call_impl(*args, **kwargs)
  File "/scratch/fad3ew/rtp/.venv/lib/python3.8/site-packages/torch/nn/modules/module.py", line 1527, in _call_impl
    return forward_call(*args, **kwargs)
  File "/sfs/weka/scratch/fad3ew/rtp/benchmarks/transformer_lm_dp.py", line 195, in forward
    return super().forward(src, self.src_mask)
  File "/sfs/weka/scratch/fad3ew/rtp/benchmarks/transformer_lm_dp.py", line 157, in forward
    x = self.norm2(x + self._ff_block(x))
  File "/sfs/weka/scratch/fad3ew/rtp/benchmarks/transformer_lm_dp.py", line 171, in _ff_block
    return self.ff_block(x)
  File "/scratch/fad3ew/rtp/.venv/lib/python3.8/site-packages/torch/nn/modules/module.py", line 1518, in _wrapped_call_impl
    return self._call_impl(*args, **kwargs)
  File "/scratch/fad3ew/rtp/.venv/lib/python3.8/site-packages/torch/nn/modules/module.py", line 1527, in _call_impl
    return forward_call(*args, **kwargs)
  File "/sfs/weka/scratch/fad3ew/rtp/benchmarks/transformer_lm_dp.py", line 72, in forward
    return self.dropout2(self.linear2(self.dropout1(self.activation(self.linear1(x)))))
  File "/scratch/fad3ew/rtp/.venv/lib/python3.8/site-packages/torch/nn/modules/module.py", line 1518, in _wrapped_call_impl
    return self._call_impl(*args, **kwargs)
  File "/scratch/fad3ew/rtp/.venv/lib/python3.8/site-packages/torch/nn/modules/module.py", line 1527, in _call_impl
    return forward_call(*args, **kwargs)
  File "/sfs/weka/scratch/fad3ew/rtp/rtp/rotated_tensor_parallel.py", line 420, in forward
    output_parallel = torch.cat(output_list, dim=self.output_partition_dim).contiguous()
torch.cuda.OutOfMemoryError: CUDA out of memory. Tried to allocate 256.00 MiB. GPU 2 has a total capacty of 31.74 GiB of which 179.62 MiB is free. Including non-PyTorch memory, this process has 31.56 GiB memory in use. Of the allocated memory 29.52 GiB is allocated by PyTorch, and 1.49 GiB is reserved by PyTorch but unallocated. If reserved but unallocated memory is large try setting max_split_size_mb to avoid fragmentation.  See documentation for Memory Management and PYTORCH_CUDA_ALLOC_CONF
/scratch/fad3ew/rtp/.venv/lib/python3.8/site-packages/torch/autograd/function.py:539: UserWarning: 0NCCL_AVOID_RECORD_STREAMS=1 has no effect for point-to-point collectives. (Triggered internally at ../torch/csrc/distributed/c10d/ProcessGroupNCCL.cpp:1856.)
  return super().apply(*args, **kwargs)  # type: ignore[misc]
/scratch/fad3ew/rtp/.venv/lib/python3.8/site-packages/torch/autograd/function.py:539: UserWarning: 0NCCL_AVOID_RECORD_STREAMS=1 has no effect for point-to-point collectives. (Triggered internally at ../torch/csrc/distributed/c10d/ProcessGroupNCCL.cpp:1856.)
  return super().apply(*args, **kwargs)  # type: ignore[misc]
Traceback (most recent call last):
  File "benchmarks/multi_rtp_benchmark.py", line 271, in <module>
    benchmark_fsdp(rank, local_rank, args, world_size)
  File "benchmarks/multi_rtp_benchmark.py", line 250, in benchmark_fsdp
    benchmark_language_model(model_config, model, benchmark_config, model_specs, args)
  File "benchmarks/multi_rtp_benchmark.py", line 215, in benchmark_language_model
    wps, t = train(model_config, model, benchmark_config, model_specs, args)
  File "benchmarks/multi_rtp_benchmark.py", line 170, in train
    output = model(input)
  File "/scratch/fad3ew/rtp/.venv/lib/python3.8/site-packages/torch/nn/modules/module.py", line 1518, in _wrapped_call_impl
    return self._call_impl(*args, **kwargs)
  File "/scratch/fad3ew/rtp/.venv/lib/python3.8/site-packages/torch/nn/modules/module.py", line 1527, in _call_impl
    return forward_call(*args, **kwargs)
  File "/sfs/weka/scratch/fad3ew/rtp/rtp/rotated_tensor_parallel.py", line 542, in forward
    outputs = self.module(*args, **kwargs)
  File "/scratch/fad3ew/rtp/.venv/lib/python3.8/site-packages/torch/nn/modules/module.py", line 1518, in _wrapped_call_impl
    return self._call_impl(*args, **kwargs)
  File "/scratch/fad3ew/rtp/.venv/lib/python3.8/site-packages/torch/nn/modules/module.py", line 1527, in _call_impl
    return forward_call(*args, **kwargs)
  File "/scratch/fad3ew/rtp/.venv/lib/python3.8/site-packages/torch/nn/modules/container.py", line 215, in forward
    input = module(input)
  File "/scratch/fad3ew/rtp/.venv/lib/python3.8/site-packages/torch/nn/modules/module.py", line 1518, in _wrapped_call_impl
    return self._call_impl(*args, **kwargs)
  File "/scratch/fad3ew/rtp/.venv/lib/python3.8/site-packages/torch/nn/modules/module.py", line 1527, in _call_impl
    return forward_call(*args, **kwargs)
  File "/sfs/weka/scratch/fad3ew/rtp/benchmarks/transformer_lm_dp.py", line 195, in forward
    return super().forward(src, self.src_mask)
  File "/sfs/weka/scratch/fad3ew/rtp/benchmarks/transformer_lm_dp.py", line 157, in forward
    x = self.norm2(x + self._ff_block(x))
  File "/sfs/weka/scratch/fad3ew/rtp/benchmarks/transformer_lm_dp.py", line 171, in _ff_block
    return self.ff_block(x)
  File "/scratch/fad3ew/rtp/.venv/lib/python3.8/site-packages/torch/nn/modules/module.py", line 1518, in _wrapped_call_impl
    return self._call_impl(*args, **kwargs)
  File "/scratch/fad3ew/rtp/.venv/lib/python3.8/site-packages/torch/nn/modules/module.py", line 1527, in _call_impl
    return forward_call(*args, **kwargs)
  File "/sfs/weka/scratch/fad3ew/rtp/benchmarks/transformer_lm_dp.py", line 72, in forward
    return self.dropout2(self.linear2(self.dropout1(self.activation(self.linear1(x)))))
  File "/scratch/fad3ew/rtp/.venv/lib/python3.8/site-packages/torch/nn/modules/module.py", line 1518, in _wrapped_call_impl
    return self._call_impl(*args, **kwargs)
  File "/scratch/fad3ew/rtp/.venv/lib/python3.8/site-packages/torch/nn/modules/module.py", line 1527, in _call_impl
    return forward_call(*args, **kwargs)
  File "/sfs/weka/scratch/fad3ew/rtp/rtp/rotated_tensor_parallel.py", line 420, in forward
    output_parallel = torch.cat(output_list, dim=self.output_partition_dim).contiguous()
torch.cuda.OutOfMemoryError: CUDA out of memory. Tried to allocate 256.00 MiB. GPU 1 has a total capacty of 31.74 GiB of which 147.62 MiB is free. Including non-PyTorch memory, this process has 31.59 GiB memory in use. Of the allocated memory 29.52 GiB is allocated by PyTorch, and 1.52 GiB is reserved by PyTorch but unallocated. If reserved but unallocated memory is large try setting max_split_size_mb to avoid fragmentation.  See documentation for Memory Management and PYTORCH_CUDA_ALLOC_CONF
Traceback (most recent call last):
  File "benchmarks/multi_rtp_benchmark.py", line 271, in <module>
    benchmark_fsdp(rank, local_rank, args, world_size)
  File "benchmarks/multi_rtp_benchmark.py", line 250, in benchmark_fsdp
    benchmark_language_model(model_config, model, benchmark_config, model_specs, args)
  File "benchmarks/multi_rtp_benchmark.py", line 215, in benchmark_language_model
    wps, t = train(model_config, model, benchmark_config, model_specs, args)
  File "benchmarks/multi_rtp_benchmark.py", line 170, in train
    output = model(input)
  File "/scratch/fad3ew/rtp/.venv/lib/python3.8/site-packages/torch/nn/modules/module.py", line 1518, in _wrapped_call_impl
    return self._call_impl(*args, **kwargs)
  File "/scratch/fad3ew/rtp/.venv/lib/python3.8/site-packages/torch/nn/modules/module.py", line 1527, in _call_impl
    return forward_call(*args, **kwargs)
  File "/sfs/weka/scratch/fad3ew/rtp/rtp/rotated_tensor_parallel.py", line 542, in forward
    outputs = self.module(*args, **kwargs)
  File "/scratch/fad3ew/rtp/.venv/lib/python3.8/site-packages/torch/nn/modules/module.py", line 1518, in _wrapped_call_impl
    return self._call_impl(*args, **kwargs)
  File "/scratch/fad3ew/rtp/.venv/lib/python3.8/site-packages/torch/nn/modules/module.py", line 1527, in _call_impl
    return forward_call(*args, **kwargs)
  File "/scratch/fad3ew/rtp/.venv/lib/python3.8/site-packages/torch/nn/modules/container.py", line 215, in forward
    input = module(input)
  File "/scratch/fad3ew/rtp/.venv/lib/python3.8/site-packages/torch/nn/modules/module.py", line 1518, in _wrapped_call_impl
    return self._call_impl(*args, **kwargs)
  File "/scratch/fad3ew/rtp/.venv/lib/python3.8/site-packages/torch/nn/modules/module.py", line 1527, in _call_impl
    return forward_call(*args, **kwargs)
  File "/sfs/weka/scratch/fad3ew/rtp/benchmarks/transformer_lm_dp.py", line 195, in forward
    return super().forward(src, self.src_mask)
  File "/sfs/weka/scratch/fad3ew/rtp/benchmarks/transformer_lm_dp.py", line 157, in forward
    x = self.norm2(x + self._ff_block(x))
  File "/sfs/weka/scratch/fad3ew/rtp/benchmarks/transformer_lm_dp.py", line 171, in _ff_block
    return self.ff_block(x)
  File "/scratch/fad3ew/rtp/.venv/lib/python3.8/site-packages/torch/nn/modules/module.py", line 1518, in _wrapped_call_impl
    return self._call_impl(*args, **kwargs)
  File "/scratch/fad3ew/rtp/.venv/lib/python3.8/site-packages/torch/nn/modules/module.py", line 1527, in _call_impl
    return forward_call(*args, **kwargs)
  File "/sfs/weka/scratch/fad3ew/rtp/benchmarks/transformer_lm_dp.py", line 72, in forward
    return self.dropout2(self.linear2(self.dropout1(self.activation(self.linear1(x)))))
  File "/scratch/fad3ew/rtp/.venv/lib/python3.8/site-packages/torch/nn/modules/module.py", line 1518, in _wrapped_call_impl
    return self._call_impl(*args, **kwargs)
  File "/scratch/fad3ew/rtp/.venv/lib/python3.8/site-packages/torch/nn/modules/module.py", line 1527, in _call_impl
    return forward_call(*args, **kwargs)
  File "/sfs/weka/scratch/fad3ew/rtp/rtp/rotated_tensor_parallel.py", line 420, in forward
    output_parallel = torch.cat(output_list, dim=self.output_partition_dim).contiguous()
torch.cuda.OutOfMemoryError: CUDA out of memory. Tried to allocate 256.00 MiB. GPU 0 has a total capacty of 31.74 GiB of which 195.62 MiB is free. Including non-PyTorch memory, this process has 31.54 GiB memory in use. Of the allocated memory 29.52 GiB is allocated by PyTorch, and 1.52 GiB is reserved by PyTorch but unallocated. If reserved but unallocated memory is large try setting max_split_size_mb to avoid fragmentation.  See documentation for Memory Management and PYTORCH_CUDA_ALLOC_CONF
Traceback (most recent call last):
  File "benchmarks/multi_rtp_benchmark.py", line 271, in <module>
    benchmark_fsdp(rank, local_rank, args, world_size)
  File "benchmarks/multi_rtp_benchmark.py", line 250, in benchmark_fsdp
    benchmark_language_model(model_config, model, benchmark_config, model_specs, args)
  File "benchmarks/multi_rtp_benchmark.py", line 215, in benchmark_language_model
    wps, t = train(model_config, model, benchmark_config, model_specs, args)
  File "benchmarks/multi_rtp_benchmark.py", line 170, in train
    output = model(input)
  File "/scratch/fad3ew/rtp/.venv/lib/python3.8/site-packages/torch/nn/modules/module.py", line 1518, in _wrapped_call_impl
    return self._call_impl(*args, **kwargs)
  File "/scratch/fad3ew/rtp/.venv/lib/python3.8/site-packages/torch/nn/modules/module.py", line 1527, in _call_impl
    return forward_call(*args, **kwargs)
  File "/sfs/weka/scratch/fad3ew/rtp/rtp/rotated_tensor_parallel.py", line 542, in forward
    outputs = self.module(*args, **kwargs)
  File "/scratch/fad3ew/rtp/.venv/lib/python3.8/site-packages/torch/nn/modules/module.py", line 1518, in _wrapped_call_impl
    return self._call_impl(*args, **kwargs)
  File "/scratch/fad3ew/rtp/.venv/lib/python3.8/site-packages/torch/nn/modules/module.py", line 1527, in _call_impl
    return forward_call(*args, **kwargs)
  File "/scratch/fad3ew/rtp/.venv/lib/python3.8/site-packages/torch/nn/modules/container.py", line 215, in forward
    input = module(input)
  File "/scratch/fad3ew/rtp/.venv/lib/python3.8/site-packages/torch/nn/modules/module.py", line 1518, in _wrapped_call_impl
    return self._call_impl(*args, **kwargs)
  File "/scratch/fad3ew/rtp/.venv/lib/python3.8/site-packages/torch/nn/modules/module.py", line 1527, in _call_impl
    return forward_call(*args, **kwargs)
  File "/sfs/weka/scratch/fad3ew/rtp/benchmarks/transformer_lm_dp.py", line 195, in forward
    return super().forward(src, self.src_mask)
  File "/sfs/weka/scratch/fad3ew/rtp/benchmarks/transformer_lm_dp.py", line 157, in forward
    x = self.norm2(x + self._ff_block(x))
  File "/sfs/weka/scratch/fad3ew/rtp/benchmarks/transformer_lm_dp.py", line 171, in _ff_block
    return self.ff_block(x)
  File "/scratch/fad3ew/rtp/.venv/lib/python3.8/site-packages/torch/nn/modules/module.py", line 1518, in _wrapped_call_impl
    return self._call_impl(*args, **kwargs)
  File "/scratch/fad3ew/rtp/.venv/lib/python3.8/site-packages/torch/nn/modules/module.py", line 1527, in _call_impl
    return forward_call(*args, **kwargs)
  File "/sfs/weka/scratch/fad3ew/rtp/benchmarks/transformer_lm_dp.py", line 72, in forward
    return self.dropout2(self.linear2(self.dropout1(self.activation(self.linear1(x)))))
  File "/scratch/fad3ew/rtp/.venv/lib/python3.8/site-packages/torch/nn/modules/module.py", line 1518, in _wrapped_call_impl
    return self._call_impl(*args, **kwargs)
  File "/scratch/fad3ew/rtp/.venv/lib/python3.8/site-packages/torch/nn/modules/module.py", line 1527, in _call_impl
    return forward_call(*args, **kwargs)
  File "/sfs/weka/scratch/fad3ew/rtp/rtp/rotated_tensor_parallel.py", line 420, in forward
    output_parallel = torch.cat(output_list, dim=self.output_partition_dim).contiguous()
torch.cuda.OutOfMemoryError: CUDA out of memory. Tried to allocate 256.00 MiB. GPU 2 has a total capacty of 31.74 GiB of which 179.62 MiB is free. Including non-PyTorch memory, this process has 31.56 GiB memory in use. Of the allocated memory 29.52 GiB is allocated by PyTorch, and 1.49 GiB is reserved by PyTorch but unallocated. If reserved but unallocated memory is large try setting max_split_size_mb to avoid fragmentation.  See documentation for Memory Management and PYTORCH_CUDA_ALLOC_CONF
srun: error: udc-aj40-35: tasks 4-5: Exited with exit code 1
srun: launch/slurm: _step_signal: Terminating StepId=55205370.5
slurmstepd: error: *** STEP 55205370.5 ON udc-aj36-35 CANCELLED AT 2023-11-21T00:32:29 ***
srun: error: udc-aj40-35: task 7: Exited with exit code 1
srun: error: udc-aj36-35: tasks 1-2: Exited with exit code 1
srun: error: udc-aj36-35: task 0: Exited with exit code 1
srun: error: udc-aj40-35: task 6: Exited with exit code 1
srun: error: udc-aj36-35: task 3: Terminated
srun: Force Terminated StepId=55205370.5
/scratch/fad3ew/rtp/.venv/lib/python3.8/site-packages/torch/autograd/function.py:539: UserWarning: 0NCCL_AVOID_RECORD_STREAMS=1 has no effect for point-to-point collectives. (Triggered internally at ../torch/csrc/distributed/c10d/ProcessGroupNCCL.cpp:1856.)
  return super().apply(*args, **kwargs)  # type: ignore[misc]
Traceback (most recent call last):
  File "benchmarks/multi_rtp_benchmark.py", line 271, in <module>
    benchmark_fsdp(rank, local_rank, args, world_size)
  File "benchmarks/multi_rtp_benchmark.py", line 250, in benchmark_fsdp
    benchmark_language_model(model_config, model, benchmark_config, model_specs, args)
  File "benchmarks/multi_rtp_benchmark.py", line 215, in benchmark_language_model
    wps, t = train(model_config, model, benchmark_config, model_specs, args)
  File "benchmarks/multi_rtp_benchmark.py", line 170, in train
    output = model(input)
  File "/scratch/fad3ew/rtp/.venv/lib/python3.8/site-packages/torch/nn/modules/module.py", line 1518, in _wrapped_call_impl
    return self._call_impl(*args, **kwargs)
  File "/scratch/fad3ew/rtp/.venv/lib/python3.8/site-packages/torch/nn/modules/module.py", line 1527, in _call_impl
    return forward_call(*args, **kwargs)
  File "/sfs/weka/scratch/fad3ew/rtp/rtp/rotated_tensor_parallel.py", line 542, in forward
    outputs = self.module(*args, **kwargs)
  File "/scratch/fad3ew/rtp/.venv/lib/python3.8/site-packages/torch/nn/modules/module.py", line 1518, in _wrapped_call_impl
    return self._call_impl(*args, **kwargs)
  File "/scratch/fad3ew/rtp/.venv/lib/python3.8/site-packages/torch/nn/modules/module.py", line 1527, in _call_impl
    return forward_call(*args, **kwargs)
  File "/scratch/fad3ew/rtp/.venv/lib/python3.8/site-packages/torch/nn/modules/container.py", line 215, in forward
    input = module(input)
  File "/scratch/fad3ew/rtp/.venv/lib/python3.8/site-packages/torch/nn/modules/module.py", line 1518, in _wrapped_call_impl
    return self._call_impl(*args, **kwargs)
  File "/scratch/fad3ew/rtp/.venv/lib/python3.8/site-packages/torch/nn/modules/module.py", line 1527, in _call_impl
    return forward_call(*args, **kwargs)
  File "/sfs/weka/scratch/fad3ew/rtp/benchmarks/transformer_lm_dp.py", line 195, in forward
    return super().forward(src, self.src_mask)
  File "/sfs/weka/scratch/fad3ew/rtp/benchmarks/transformer_lm_dp.py", line 157, in forward
    x = self.norm2(x + self._ff_block(x))
  File "/sfs/weka/scratch/fad3ew/rtp/benchmarks/transformer_lm_dp.py", line 171, in _ff_block
    return self.ff_block(x)
  File "/scratch/fad3ew/rtp/.venv/lib/python3.8/site-packages/torch/nn/modules/module.py", line 1518, in _wrapped_call_impl
    return self._call_impl(*args, **kwargs)
  File "/scratch/fad3ew/rtp/.venv/lib/python3.8/site-packages/torch/nn/modules/module.py", line 1527, in _call_impl
    return forward_call(*args, **kwargs)
  File "/sfs/weka/scratch/fad3ew/rtp/benchmarks/transformer_lm_dp.py", line 72, in forward
    return self.dropout2(self.linear2(self.dropout1(self.activation(self.linear1(x)))))
  File "/scratch/fad3ew/rtp/.venv/lib/python3.8/site-packages/torch/nn/modules/module.py", line 1518, in _wrapped_call_impl
    return self._call_impl(*args, **kwargs)
  File "/scratch/fad3ew/rtp/.venv/lib/python3.8/site-packages/torch/nn/modules/module.py", line 1527, in _call_impl
    return forward_call(*args, **kwargs)
  File "/scratch/fad3ew/rtp/.venv/lib/python3.8/site-packages/torch/nn/modules/activation.py", line 101, in forward
    return F.relu(input, inplace=self.inplace)
  File "/scratch/fad3ew/rtp/.venv/lib/python3.8/site-packages/torch/nn/functional.py", line 1471, in relu
    result = torch.relu(input)
torch.cuda.OutOfMemoryError: CUDA out of memory. Tried to allocate 384.00 MiB. GPU 2 has a total capacty of 31.74 GiB of which 339.62 MiB is free. Including non-PyTorch memory, this process has 31.40 GiB memory in use. Of the allocated memory 29.59 GiB is allocated by PyTorch, and 1.29 GiB is reserved by PyTorch but unallocated. If reserved but unallocated memory is large try setting max_split_size_mb to avoid fragmentation.  See documentation for Memory Management and PYTORCH_CUDA_ALLOC_CONF
/scratch/fad3ew/rtp/.venv/lib/python3.8/site-packages/torch/autograd/function.py:539: UserWarning: 0NCCL_AVOID_RECORD_STREAMS=1 has no effect for point-to-point collectives. (Triggered internally at ../torch/csrc/distributed/c10d/ProcessGroupNCCL.cpp:1856.)
  return super().apply(*args, **kwargs)  # type: ignore[misc]
Traceback (most recent call last):
  File "benchmarks/multi_rtp_benchmark.py", line 271, in <module>
    benchmark_fsdp(rank, local_rank, args, world_size)
  File "benchmarks/multi_rtp_benchmark.py", line 250, in benchmark_fsdp
    benchmark_language_model(model_config, model, benchmark_config, model_specs, args)
  File "benchmarks/multi_rtp_benchmark.py", line 215, in benchmark_language_model
    wps, t = train(model_config, model, benchmark_config, model_specs, args)
  File "benchmarks/multi_rtp_benchmark.py", line 170, in train
    output = model(input)
  File "/scratch/fad3ew/rtp/.venv/lib/python3.8/site-packages/torch/nn/modules/module.py", line 1518, in _wrapped_call_impl
    return self._call_impl(*args, **kwargs)
  File "/scratch/fad3ew/rtp/.venv/lib/python3.8/site-packages/torch/nn/modules/module.py", line 1527, in _call_impl
    return forward_call(*args, **kwargs)
  File "/sfs/weka/scratch/fad3ew/rtp/rtp/rotated_tensor_parallel.py", line 542, in forward
    outputs = self.module(*args, **kwargs)
  File "/scratch/fad3ew/rtp/.venv/lib/python3.8/site-packages/torch/nn/modules/module.py", line 1518, in _wrapped_call_impl
    return self._call_impl(*args, **kwargs)
  File "/scratch/fad3ew/rtp/.venv/lib/python3.8/site-packages/torch/nn/modules/module.py", line 1527, in _call_impl
    return forward_call(*args, **kwargs)
  File "/scratch/fad3ew/rtp/.venv/lib/python3.8/site-packages/torch/nn/modules/container.py", line 215, in forward
    input = module(input)
  File "/scratch/fad3ew/rtp/.venv/lib/python3.8/site-packages/torch/nn/modules/module.py", line 1518, in _wrapped_call_impl
    return self._call_impl(*args, **kwargs)
  File "/scratch/fad3ew/rtp/.venv/lib/python3.8/site-packages/torch/nn/modules/module.py", line 1527, in _call_impl
    return forward_call(*args, **kwargs)
  File "/sfs/weka/scratch/fad3ew/rtp/benchmarks/transformer_lm_dp.py", line 195, in forward
    return super().forward(src, self.src_mask)
  File "/sfs/weka/scratch/fad3ew/rtp/benchmarks/transformer_lm_dp.py", line 157, in forward
    x = self.norm2(x + self._ff_block(x))
  File "/sfs/weka/scratch/fad3ew/rtp/benchmarks/transformer_lm_dp.py", line 171, in _ff_block
    return self.ff_block(x)
  File "/scratch/fad3ew/rtp/.venv/lib/python3.8/site-packages/torch/nn/modules/module.py", line 1518, in _wrapped_call_impl
    return self._call_impl(*args, **kwargs)
  File "/scratch/fad3ew/rtp/.venv/lib/python3.8/site-packages/torch/nn/modules/module.py", line 1527, in _call_impl
    return forward_call(*args, **kwargs)
  File "/sfs/weka/scratch/fad3ew/rtp/benchmarks/transformer_lm_dp.py", line 72, in forward
    return self.dropout2(self.linear2(self.dropout1(self.activation(self.linear1(x)))))
  File "/scratch/fad3ew/rtp/.venv/lib/python3.8/site-packages/torch/nn/modules/module.py", line 1518, in _wrapped_call_impl
    return self._call_impl(*args, **kwargs)
  File "/scratch/fad3ew/rtp/.venv/lib/python3.8/site-packages/torch/nn/modules/module.py", line 1527, in _call_impl
    return forward_call(*args, **kwargs)
  File "/scratch/fad3ew/rtp/.venv/lib/python3.8/site-packages/torch/nn/modules/activation.py", line 101, in forward
    return F.relu(input, inplace=self.inplace)
  File "/scratch/fad3ew/rtp/.venv/lib/python3.8/site-packages/torch/nn/functional.py", line 1471, in relu
    result = torch.relu(input)
torch.cuda.OutOfMemoryError: CUDA out of memory. Tried to allocate 384.00 MiB. GPU 1 has a total capacty of 31.74 GiB of which 387.62 MiB is free. Including non-PyTorch memory, this process has 31.36 GiB memory in use. Of the allocated memory 29.59 GiB is allocated by PyTorch, and 1.25 GiB is reserved by PyTorch but unallocated. If reserved but unallocated memory is large try setting max_split_size_mb to avoid fragmentation.  See documentation for Memory Management and PYTORCH_CUDA_ALLOC_CONF
srun: error: udc-aj40-35: task 6: Exited with exit code 1
srun: launch/slurm: _step_signal: Terminating StepId=55205370.6
slurmstepd: error: *** STEP 55205370.6 ON udc-aj36-35 CANCELLED AT 2023-11-21T00:33:50 ***
srun: error: udc-aj36-35: task 1: Exited with exit code 1
srun: error: udc-aj40-35: tasks 4-5: Terminated
srun: error: udc-aj36-35: task 0: Terminated
srun: error: udc-aj36-35: task 3: Terminated
srun: error: udc-aj40-35: task 7: Terminated
srun: error: udc-aj36-35: task 2: Terminated
srun: Force Terminated StepId=55205370.6
/scratch/fad3ew/rtp/.venv/lib/python3.8/site-packages/torch/autograd/function.py:539: UserWarning: 0NCCL_AVOID_RECORD_STREAMS=1 has no effect for point-to-point collectives. (Triggered internally at ../torch/csrc/distributed/c10d/ProcessGroupNCCL.cpp:1856.)
  return super().apply(*args, **kwargs)  # type: ignore[misc]
Traceback (most recent call last):
  File "benchmarks/multi_rtp_benchmark.py", line 271, in <module>
    benchmark_fsdp(rank, local_rank, args, world_size)
  File "benchmarks/multi_rtp_benchmark.py", line 250, in benchmark_fsdp
    benchmark_language_model(model_config, model, benchmark_config, model_specs, args)
  File "benchmarks/multi_rtp_benchmark.py", line 215, in benchmark_language_model
    wps, t = train(model_config, model, benchmark_config, model_specs, args)
  File "benchmarks/multi_rtp_benchmark.py", line 170, in train
    output = model(input)
  File "/scratch/fad3ew/rtp/.venv/lib/python3.8/site-packages/torch/nn/modules/module.py", line 1518, in _wrapped_call_impl
    return self._call_impl(*args, **kwargs)
  File "/scratch/fad3ew/rtp/.venv/lib/python3.8/site-packages/torch/nn/modules/module.py", line 1527, in _call_impl
    return forward_call(*args, **kwargs)
  File "/sfs/weka/scratch/fad3ew/rtp/rtp/rotated_tensor_parallel.py", line 542, in forward
    outputs = self.module(*args, **kwargs)
  File "/scratch/fad3ew/rtp/.venv/lib/python3.8/site-packages/torch/nn/modules/module.py", line 1518, in _wrapped_call_impl
    return self._call_impl(*args, **kwargs)
  File "/scratch/fad3ew/rtp/.venv/lib/python3.8/site-packages/torch/nn/modules/module.py", line 1527, in _call_impl
    return forward_call(*args, **kwargs)
  File "/scratch/fad3ew/rtp/.venv/lib/python3.8/site-packages/torch/nn/modules/container.py", line 215, in forward
    input = module(input)
  File "/scratch/fad3ew/rtp/.venv/lib/python3.8/site-packages/torch/nn/modules/module.py", line 1518, in _wrapped_call_impl
    return self._call_impl(*args, **kwargs)
  File "/scratch/fad3ew/rtp/.venv/lib/python3.8/site-packages/torch/nn/modules/module.py", line 1527, in _call_impl
    return forward_call(*args, **kwargs)
  File "/sfs/weka/scratch/fad3ew/rtp/benchmarks/transformer_lm_dp.py", line 195, in forward
    return super().forward(src, self.src_mask)
  File "/sfs/weka/scratch/fad3ew/rtp/benchmarks/transformer_lm_dp.py", line 157, in forward
    x = self.norm2(x + self._ff_block(x))
  File "/sfs/weka/scratch/fad3ew/rtp/benchmarks/transformer_lm_dp.py", line 171, in _ff_block
    return self.ff_block(x)
  File "/scratch/fad3ew/rtp/.venv/lib/python3.8/site-packages/torch/nn/modules/module.py", line 1518, in _wrapped_call_impl
    return self._call_impl(*args, **kwargs)
  File "/scratch/fad3ew/rtp/.venv/lib/python3.8/site-packages/torch/nn/modules/module.py", line 1527, in _call_impl
    return forward_call(*args, **kwargs)
  File "/sfs/weka/scratch/fad3ew/rtp/benchmarks/transformer_lm_dp.py", line 72, in forward
    return self.dropout2(self.linear2(self.dropout1(self.activation(self.linear1(x)))))
  File "/scratch/fad3ew/rtp/.venv/lib/python3.8/site-packages/torch/nn/modules/module.py", line 1518, in _wrapped_call_impl
    return self._call_impl(*args, **kwargs)
  File "/scratch/fad3ew/rtp/.venv/lib/python3.8/site-packages/torch/nn/modules/module.py", line 1527, in _call_impl
    return forward_call(*args, **kwargs)
  File "/sfs/weka/scratch/fad3ew/rtp/rtp/rotated_tensor_parallel.py", line 400, in forward
    outputs = self.module_list[index](*args, **kwargs)
  File "/scratch/fad3ew/rtp/.venv/lib/python3.8/site-packages/torch/nn/modules/module.py", line 1518, in _wrapped_call_impl
    return self._call_impl(*args, **kwargs)
  File "/scratch/fad3ew/rtp/.venv/lib/python3.8/site-packages/torch/nn/modules/module.py", line 1527, in _call_impl
    return forward_call(*args, **kwargs)
  File "/scratch/fad3ew/rtp/.venv/lib/python3.8/site-packages/torch/nn/modules/linear.py", line 114, in forward
    return F.linear(input, self.weight, self.bias)
torch.cuda.OutOfMemoryError: CUDA out of memory. Tried to allocate 64.00 MiB. GPU 0 has a total capacty of 31.74 GiB of which 33.62 MiB is free. Including non-PyTorch memory, this process has 31.70 GiB memory in use. Of the allocated memory 30.54 GiB is allocated by PyTorch, and 691.72 MiB is reserved by PyTorch but unallocated. If reserved but unallocated memory is large try setting max_split_size_mb to avoid fragmentation.  See documentation for Memory Management and PYTORCH_CUDA_ALLOC_CONF
/scratch/fad3ew/rtp/.venv/lib/python3.8/site-packages/torch/autograd/function.py:539: UserWarning: 0NCCL_AVOID_RECORD_STREAMS=1 has no effect for point-to-point collectives. (Triggered internally at ../torch/csrc/distributed/c10d/ProcessGroupNCCL.cpp:1856.)
  return super().apply(*args, **kwargs)  # type: ignore[misc]
/scratch/fad3ew/rtp/.venv/lib/python3.8/site-packages/torch/autograd/function.py:539: UserWarning: 0NCCL_AVOID_RECORD_STREAMS=1 has no effect for point-to-point collectives. (Triggered internally at ../torch/csrc/distributed/c10d/ProcessGroupNCCL.cpp:1856.)
  return super().apply(*args, **kwargs)  # type: ignore[misc]
Traceback (most recent call last):
  File "benchmarks/multi_rtp_benchmark.py", line 271, in <module>
    benchmark_fsdp(rank, local_rank, args, world_size)
  File "benchmarks/multi_rtp_benchmark.py", line 250, in benchmark_fsdp
    benchmark_language_model(model_config, model, benchmark_config, model_specs, args)
  File "benchmarks/multi_rtp_benchmark.py", line 215, in benchmark_language_model
    wps, t = train(model_config, model, benchmark_config, model_specs, args)
  File "benchmarks/multi_rtp_benchmark.py", line 170, in train
    output = model(input)
  File "/scratch/fad3ew/rtp/.venv/lib/python3.8/site-packages/torch/nn/modules/module.py", line 1518, in _wrapped_call_impl
    return self._call_impl(*args, **kwargs)
  File "/scratch/fad3ew/rtp/.venv/lib/python3.8/site-packages/torch/nn/modules/module.py", line 1527, in _call_impl
    return forward_call(*args, **kwargs)
  File "/sfs/weka/scratch/fad3ew/rtp/rtp/rotated_tensor_parallel.py", line 542, in forward
    outputs = self.module(*args, **kwargs)
  File "/scratch/fad3ew/rtp/.venv/lib/python3.8/site-packages/torch/nn/modules/module.py", line 1518, in _wrapped_call_impl
    return self._call_impl(*args, **kwargs)
  File "/scratch/fad3ew/rtp/.venv/lib/python3.8/site-packages/torch/nn/modules/module.py", line 1527, in _call_impl
    return forward_call(*args, **kwargs)
  File "/scratch/fad3ew/rtp/.venv/lib/python3.8/site-packages/torch/nn/modules/container.py", line 215, in forward
    input = module(input)
  File "/scratch/fad3ew/rtp/.venv/lib/python3.8/site-packages/torch/nn/modules/module.py", line 1518, in _wrapped_call_impl
    return self._call_impl(*args, **kwargs)
  File "/scratch/fad3ew/rtp/.venv/lib/python3.8/site-packages/torch/nn/modules/module.py", line 1527, in _call_impl
    return forward_call(*args, **kwargs)
  File "/sfs/weka/scratch/fad3ew/rtp/benchmarks/transformer_lm_dp.py", line 195, in forward
    return super().forward(src, self.src_mask)
  File "/sfs/weka/scratch/fad3ew/rtp/benchmarks/transformer_lm_dp.py", line 157, in forward
    x = self.norm2(x + self._ff_block(x))
  File "/sfs/weka/scratch/fad3ew/rtp/benchmarks/transformer_lm_dp.py", line 171, in _ff_block
    return self.ff_block(x)
  File "/scratch/fad3ew/rtp/.venv/lib/python3.8/site-packages/torch/nn/modules/module.py", line 1518, in _wrapped_call_impl
    return self._call_impl(*args, **kwargs)
  File "/scratch/fad3ew/rtp/.venv/lib/python3.8/site-packages/torch/nn/modules/module.py", line 1527, in _call_impl
    return forward_call(*args, **kwargs)
  File "/sfs/weka/scratch/fad3ew/rtp/benchmarks/transformer_lm_dp.py", line 72, in forward
    return self.dropout2(self.linear2(self.dropout1(self.activation(self.linear1(x)))))
  File "/scratch/fad3ew/rtp/.venv/lib/python3.8/site-packages/torch/nn/modules/module.py", line 1518, in _wrapped_call_impl
    return self._call_impl(*args, **kwargs)
  File "/scratch/fad3ew/rtp/.venv/lib/python3.8/site-packages/torch/nn/modules/module.py", line 1527, in _call_impl
    return forward_call(*args, **kwargs)
  File "/sfs/weka/scratch/fad3ew/rtp/rtp/rotated_tensor_parallel.py", line 400, in forward
    outputs = self.module_list[index](*args, **kwargs)
  File "/scratch/fad3ew/rtp/.venv/lib/python3.8/site-packages/torch/nn/modules/module.py", line 1518, in _wrapped_call_impl
    return self._call_impl(*args, **kwargs)
  File "/scratch/fad3ew/rtp/.venv/lib/python3.8/site-packages/torch/nn/modules/module.py", line 1527, in _call_impl
    return forward_call(*args, **kwargs)
  File "/scratch/fad3ew/rtp/.venv/lib/python3.8/site-packages/torch/nn/modules/linear.py", line 114, in forward
    return F.linear(input, self.weight, self.bias)
torch.cuda.OutOfMemoryError: CUDA out of memory. Tried to allocate 64.00 MiB. GPU 1 has a total capacty of 31.74 GiB of which 57.62 MiB is free. Including non-PyTorch memory, this process has 31.68 GiB memory in use. Of the allocated memory 30.54 GiB is allocated by PyTorch, and 627.69 MiB is reserved by PyTorch but unallocated. If reserved but unallocated memory is large try setting max_split_size_mb to avoid fragmentation.  See documentation for Memory Management and PYTORCH_CUDA_ALLOC_CONF
/scratch/fad3ew/rtp/.venv/lib/python3.8/site-packages/torch/autograd/function.py:539: UserWarning: 0NCCL_AVOID_RECORD_STREAMS=1 has no effect for point-to-point collectives. (Triggered internally at ../torch/csrc/distributed/c10d/ProcessGroupNCCL.cpp:1856.)
  return super().apply(*args, **kwargs)  # type: ignore[misc]
Traceback (most recent call last):
  File "benchmarks/multi_rtp_benchmark.py", line 271, in <module>
    benchmark_fsdp(rank, local_rank, args, world_size)
  File "benchmarks/multi_rtp_benchmark.py", line 250, in benchmark_fsdp
    benchmark_language_model(model_config, model, benchmark_config, model_specs, args)
  File "benchmarks/multi_rtp_benchmark.py", line 215, in benchmark_language_model
    wps, t = train(model_config, model, benchmark_config, model_specs, args)
  File "benchmarks/multi_rtp_benchmark.py", line 170, in train
    output = model(input)
  File "/scratch/fad3ew/rtp/.venv/lib/python3.8/site-packages/torch/nn/modules/module.py", line 1518, in _wrapped_call_impl
    return self._call_impl(*args, **kwargs)
  File "/scratch/fad3ew/rtp/.venv/lib/python3.8/site-packages/torch/nn/modules/module.py", line 1527, in _call_impl
    return forward_call(*args, **kwargs)
  File "/sfs/weka/scratch/fad3ew/rtp/rtp/rotated_tensor_parallel.py", line 542, in forward
    outputs = self.module(*args, **kwargs)
  File "/scratch/fad3ew/rtp/.venv/lib/python3.8/site-packages/torch/nn/modules/module.py", line 1518, in _wrapped_call_impl
    return self._call_impl(*args, **kwargs)
  File "/scratch/fad3ew/rtp/.venv/lib/python3.8/site-packages/torch/nn/modules/module.py", line 1527, in _call_impl
    return forward_call(*args, **kwargs)
  File "/scratch/fad3ew/rtp/.venv/lib/python3.8/site-packages/torch/nn/modules/container.py", line 215, in forward
    input = module(input)
  File "/scratch/fad3ew/rtp/.venv/lib/python3.8/site-packages/torch/nn/modules/module.py", line 1518, in _wrapped_call_impl
    return self._call_impl(*args, **kwargs)
  File "/scratch/fad3ew/rtp/.venv/lib/python3.8/site-packages/torch/nn/modules/module.py", line 1527, in _call_impl
    return forward_call(*args, **kwargs)
  File "/sfs/weka/scratch/fad3ew/rtp/benchmarks/transformer_lm_dp.py", line 195, in forward
    return super().forward(src, self.src_mask)
  File "/sfs/weka/scratch/fad3ew/rtp/benchmarks/transformer_lm_dp.py", line 157, in forward
    x = self.norm2(x + self._ff_block(x))
  File "/sfs/weka/scratch/fad3ew/rtp/benchmarks/transformer_lm_dp.py", line 171, in _ff_block
    return self.ff_block(x)
  File "/scratch/fad3ew/rtp/.venv/lib/python3.8/site-packages/torch/nn/modules/module.py", line 1518, in _wrapped_call_impl
    return self._call_impl(*args, **kwargs)
  File "/scratch/fad3ew/rtp/.venv/lib/python3.8/site-packages/torch/nn/modules/module.py", line 1527, in _call_impl
    return forward_call(*args, **kwargs)
  File "/sfs/weka/scratch/fad3ew/rtp/benchmarks/transformer_lm_dp.py", line 72, in forward
    return self.dropout2(self.linear2(self.dropout1(self.activation(self.linear1(x)))))
  File "/scratch/fad3ew/rtp/.venv/lib/python3.8/site-packages/torch/nn/modules/module.py", line 1518, in _wrapped_call_impl
    return self._call_impl(*args, **kwargs)
  File "/scratch/fad3ew/rtp/.venv/lib/python3.8/site-packages/torch/nn/modules/module.py", line 1527, in _call_impl
    return forward_call(*args, **kwargs)
  File "/sfs/weka/scratch/fad3ew/rtp/rtp/rotated_tensor_parallel.py", line 400, in forward
    outputs = self.module_list[index](*args, **kwargs)
  File "/scratch/fad3ew/rtp/.venv/lib/python3.8/site-packages/torch/nn/modules/module.py", line 1518, in _wrapped_call_impl
    return self._call_impl(*args, **kwargs)
  File "/scratch/fad3ew/rtp/.venv/lib/python3.8/site-packages/torch/nn/modules/module.py", line 1527, in _call_impl
    return forward_call(*args, **kwargs)
  File "/scratch/fad3ew/rtp/.venv/lib/python3.8/site-packages/torch/nn/modules/linear.py", line 114, in forward
    return F.linear(input, self.weight, self.bias)
torch.cuda.OutOfMemoryError: CUDA out of memory. Tried to allocate 64.00 MiB. GPU 2 has a total capacty of 31.74 GiB of which 57.62 MiB is free. Including non-PyTorch memory, this process has 31.68 GiB memory in use. Of the allocated memory 30.60 GiB is allocated by PyTorch, and 563.69 MiB is reserved by PyTorch but unallocated. If reserved but unallocated memory is large try setting max_split_size_mb to avoid fragmentation.  See documentation for Memory Management and PYTORCH_CUDA_ALLOC_CONF
/scratch/fad3ew/rtp/.venv/lib/python3.8/site-packages/torch/autograd/function.py:539: UserWarning: 0NCCL_AVOID_RECORD_STREAMS=1 has no effect for point-to-point collectives. (Triggered internally at ../torch/csrc/distributed/c10d/ProcessGroupNCCL.cpp:1856.)
  return super().apply(*args, **kwargs)  # type: ignore[misc]
Traceback (most recent call last):
  File "benchmarks/multi_rtp_benchmark.py", line 271, in <module>
    benchmark_fsdp(rank, local_rank, args, world_size)
  File "benchmarks/multi_rtp_benchmark.py", line 250, in benchmark_fsdp
    benchmark_language_model(model_config, model, benchmark_config, model_specs, args)
  File "benchmarks/multi_rtp_benchmark.py", line 215, in benchmark_language_model
    wps, t = train(model_config, model, benchmark_config, model_specs, args)
  File "benchmarks/multi_rtp_benchmark.py", line 170, in train
    output = model(input)
  File "/scratch/fad3ew/rtp/.venv/lib/python3.8/site-packages/torch/nn/modules/module.py", line 1518, in _wrapped_call_impl
    return self._call_impl(*args, **kwargs)
  File "/scratch/fad3ew/rtp/.venv/lib/python3.8/site-packages/torch/nn/modules/module.py", line 1527, in _call_impl
    return forward_call(*args, **kwargs)
  File "/sfs/weka/scratch/fad3ew/rtp/rtp/rotated_tensor_parallel.py", line 542, in forward
    outputs = self.module(*args, **kwargs)
  File "/scratch/fad3ew/rtp/.venv/lib/python3.8/site-packages/torch/nn/modules/module.py", line 1518, in _wrapped_call_impl
    return self._call_impl(*args, **kwargs)
  File "/scratch/fad3ew/rtp/.venv/lib/python3.8/site-packages/torch/nn/modules/module.py", line 1527, in _call_impl
    return forward_call(*args, **kwargs)
  File "/scratch/fad3ew/rtp/.venv/lib/python3.8/site-packages/torch/nn/modules/container.py", line 215, in forward
    input = module(input)
  File "/scratch/fad3ew/rtp/.venv/lib/python3.8/site-packages/torch/nn/modules/module.py", line 1518, in _wrapped_call_impl
    return self._call_impl(*args, **kwargs)
  File "/scratch/fad3ew/rtp/.venv/lib/python3.8/site-packages/torch/nn/modules/module.py", line 1527, in _call_impl
    return forward_call(*args, **kwargs)
  File "/sfs/weka/scratch/fad3ew/rtp/benchmarks/transformer_lm_dp.py", line 195, in forward
    return super().forward(src, self.src_mask)
  File "/sfs/weka/scratch/fad3ew/rtp/benchmarks/transformer_lm_dp.py", line 157, in forward
    x = self.norm2(x + self._ff_block(x))
  File "/sfs/weka/scratch/fad3ew/rtp/benchmarks/transformer_lm_dp.py", line 171, in _ff_block
    return self.ff_block(x)
  File "/scratch/fad3ew/rtp/.venv/lib/python3.8/site-packages/torch/nn/modules/module.py", line 1518, in _wrapped_call_impl
    return self._call_impl(*args, **kwargs)
  File "/scratch/fad3ew/rtp/.venv/lib/python3.8/site-packages/torch/nn/modules/module.py", line 1527, in _call_impl
    return forward_call(*args, **kwargs)
  File "/sfs/weka/scratch/fad3ew/rtp/benchmarks/transformer_lm_dp.py", line 72, in forward
    return self.dropout2(self.linear2(self.dropout1(self.activation(self.linear1(x)))))
  File "/scratch/fad3ew/rtp/.venv/lib/python3.8/site-packages/torch/nn/modules/module.py", line 1518, in _wrapped_call_impl
    return self._call_impl(*args, **kwargs)
  File "/scratch/fad3ew/rtp/.venv/lib/python3.8/site-packages/torch/nn/modules/module.py", line 1527, in _call_impl
    return forward_call(*args, **kwargs)
  File "/sfs/weka/scratch/fad3ew/rtp/rtp/rotated_tensor_parallel.py", line 400, in forward
    outputs = self.module_list[index](*args, **kwargs)
  File "/scratch/fad3ew/rtp/.venv/lib/python3.8/site-packages/torch/nn/modules/module.py", line 1518, in _wrapped_call_impl
    return self._call_impl(*args, **kwargs)
  File "/scratch/fad3ew/rtp/.venv/lib/python3.8/site-packages/torch/nn/modules/module.py", line 1527, in _call_impl
    return forward_call(*args, **kwargs)
  File "/scratch/fad3ew/rtp/.venv/lib/python3.8/site-packages/torch/nn/modules/linear.py", line 114, in forward
    return F.linear(input, self.weight, self.bias)
torch.cuda.OutOfMemoryError: CUDA out of memory. Tried to allocate 64.00 MiB. GPU 3 has a total capacty of 31.74 GiB of which 1.62 MiB is free. Including non-PyTorch memory, this process has 31.73 GiB memory in use. Of the allocated memory 30.67 GiB is allocated by PyTorch, and 563.71 MiB is reserved by PyTorch but unallocated. If reserved but unallocated memory is large try setting max_split_size_mb to avoid fragmentation.  See documentation for Memory Management and PYTORCH_CUDA_ALLOC_CONF
/scratch/fad3ew/rtp/.venv/lib/python3.8/site-packages/torch/autograd/function.py:539: UserWarning: 0NCCL_AVOID_RECORD_STREAMS=1 has no effect for point-to-point collectives. (Triggered internally at ../torch/csrc/distributed/c10d/ProcessGroupNCCL.cpp:1856.)
  return super().apply(*args, **kwargs)  # type: ignore[misc]
/scratch/fad3ew/rtp/.venv/lib/python3.8/site-packages/torch/autograd/function.py:539: UserWarning: 0NCCL_AVOID_RECORD_STREAMS=1 has no effect for point-to-point collectives. (Triggered internally at ../torch/csrc/distributed/c10d/ProcessGroupNCCL.cpp:1856.)
  return super().apply(*args, **kwargs)  # type: ignore[misc]
Traceback (most recent call last):
  File "benchmarks/multi_rtp_benchmark.py", line 271, in <module>
    benchmark_fsdp(rank, local_rank, args, world_size)
  File "benchmarks/multi_rtp_benchmark.py", line 250, in benchmark_fsdp
    benchmark_language_model(model_config, model, benchmark_config, model_specs, args)
  File "benchmarks/multi_rtp_benchmark.py", line 215, in benchmark_language_model
    wps, t = train(model_config, model, benchmark_config, model_specs, args)
  File "benchmarks/multi_rtp_benchmark.py", line 170, in train
    output = model(input)
  File "/scratch/fad3ew/rtp/.venv/lib/python3.8/site-packages/torch/nn/modules/module.py", line 1518, in _wrapped_call_impl
    return self._call_impl(*args, **kwargs)
  File "/scratch/fad3ew/rtp/.venv/lib/python3.8/site-packages/torch/nn/modules/module.py", line 1527, in _call_impl
    return forward_call(*args, **kwargs)
  File "/sfs/weka/scratch/fad3ew/rtp/rtp/rotated_tensor_parallel.py", line 542, in forward
    outputs = self.module(*args, **kwargs)
  File "/scratch/fad3ew/rtp/.venv/lib/python3.8/site-packages/torch/nn/modules/module.py", line 1518, in _wrapped_call_impl
    return self._call_impl(*args, **kwargs)
  File "/scratch/fad3ew/rtp/.venv/lib/python3.8/site-packages/torch/nn/modules/module.py", line 1527, in _call_impl
    return forward_call(*args, **kwargs)
  File "/scratch/fad3ew/rtp/.venv/lib/python3.8/site-packages/torch/nn/modules/container.py", line 215, in forward
    input = module(input)
  File "/scratch/fad3ew/rtp/.venv/lib/python3.8/site-packages/torch/nn/modules/module.py", line 1518, in _wrapped_call_impl
    return self._call_impl(*args, **kwargs)
  File "/scratch/fad3ew/rtp/.venv/lib/python3.8/site-packages/torch/nn/modules/module.py", line 1527, in _call_impl
    return forward_call(*args, **kwargs)
  File "/sfs/weka/scratch/fad3ew/rtp/benchmarks/transformer_lm_dp.py", line 195, in forward
    return super().forward(src, self.src_mask)
  File "/sfs/weka/scratch/fad3ew/rtp/benchmarks/transformer_lm_dp.py", line 157, in forward
    x = self.norm2(x + self._ff_block(x))
  File "/sfs/weka/scratch/fad3ew/rtp/benchmarks/transformer_lm_dp.py", line 171, in _ff_block
    return self.ff_block(x)
  File "/scratch/fad3ew/rtp/.venv/lib/python3.8/site-packages/torch/nn/modules/module.py", line 1518, in _wrapped_call_impl
    return self._call_impl(*args, **kwargs)
  File "/scratch/fad3ew/rtp/.venv/lib/python3.8/site-packages/torch/nn/modules/module.py", line 1527, in _call_impl
    return forward_call(*args, **kwargs)
  File "/sfs/weka/scratch/fad3ew/rtp/benchmarks/transformer_lm_dp.py", line 72, in forward
    return self.dropout2(self.linear2(self.dropout1(self.activation(self.linear1(x)))))
  File "/scratch/fad3ew/rtp/.venv/lib/python3.8/site-packages/torch/nn/modules/module.py", line 1518, in _wrapped_call_impl
    return self._call_impl(*args, **kwargs)
  File "/scratch/fad3ew/rtp/.venv/lib/python3.8/site-packages/torch/nn/modules/module.py", line 1527, in _call_impl
    return forward_call(*args, **kwargs)
  File "/sfs/weka/scratch/fad3ew/rtp/rtp/rotated_tensor_parallel.py", line 400, in forward
    outputs = self.module_list[index](*args, **kwargs)
  File "/scratch/fad3ew/rtp/.venv/lib/python3.8/site-packages/torch/nn/modules/module.py", line 1518, in _wrapped_call_impl
    return self._call_impl(*args, **kwargs)
  File "/scratch/fad3ew/rtp/.venv/lib/python3.8/site-packages/torch/nn/modules/module.py", line 1527, in _call_impl
    return forward_call(*args, **kwargs)
  File "/scratch/fad3ew/rtp/.venv/lib/python3.8/site-packages/torch/nn/modules/linear.py", line 114, in forward
    return F.linear(input, self.weight, self.bias)
Traceback (most recent call last):
  File "benchmarks/multi_rtp_benchmark.py", line 271, in <module>
    benchmark_fsdp(rank, local_rank, args, world_size)
  File "benchmarks/multi_rtp_benchmark.py", line 250, in benchmark_fsdp
    benchmark_language_model(model_config, model, benchmark_config, model_specs, args)
  File "benchmarks/multi_rtp_benchmark.py", line 215, in benchmark_language_model
    wps, t = train(model_config, model, benchmark_config, model_specs, args)
  File "benchmarks/multi_rtp_benchmark.py", line 170, in train
    output = model(input)
  File "/scratch/fad3ew/rtp/.venv/lib/python3.8/site-packages/torch/nn/modules/module.py", line 1518, in _wrapped_call_impl
    return self._call_impl(*args, **kwargs)
  File "/scratch/fad3ew/rtp/.venv/lib/python3.8/site-packages/torch/nn/modules/module.py", line 1527, in _call_impl
    return forward_call(*args, **kwargs)
  File "/sfs/weka/scratch/fad3ew/rtp/rtp/rotated_tensor_parallel.py", line 542, in forward
    outputs = self.module(*args, **kwargs)
  File "/scratch/fad3ew/rtp/.venv/lib/python3.8/site-packages/torch/nn/modules/module.py", line 1518, in _wrapped_call_impl
    return self._call_impl(*args, **kwargs)
  File "/scratch/fad3ew/rtp/.venv/lib/python3.8/site-packages/torch/nn/modules/module.py", line 1527, in _call_impl
    return forward_call(*args, **kwargs)
  File "/scratch/fad3ew/rtp/.venv/lib/python3.8/site-packages/torch/nn/modules/container.py", line 215, in forward
    input = module(input)
  File "/scratch/fad3ew/rtp/.venv/lib/python3.8/site-packages/torch/nn/modules/module.py", line 1518, in _wrapped_call_impl
    return self._call_impl(*args, **kwargs)
  File "/scratch/fad3ew/rtp/.venv/lib/python3.8/site-packages/torch/nn/modules/module.py", line 1527, in _call_impl
    return forward_call(*args, **kwargs)
  File "/sfs/weka/scratch/fad3ew/rtp/benchmarks/transformer_lm_dp.py", line 195, in forward
    return super().forward(src, self.src_mask)
  File "/sfs/weka/scratch/fad3ew/rtp/benchmarks/transformer_lm_dp.py", line 157, in forward
    x = self.norm2(x + self._ff_block(x))
  File "/sfs/weka/scratch/fad3ew/rtp/benchmarks/transformer_lm_dp.py", line 171, in _ff_block
    return self.ff_block(x)
  File "/scratch/fad3ew/rtp/.venv/lib/python3.8/site-packages/torch/nn/modules/module.py", line 1518, in _wrapped_call_impl
    return self._call_impl(*args, **kwargs)
  File "/scratch/fad3ew/rtp/.venv/lib/python3.8/site-packages/torch/nn/modules/module.py", line 1527, in _call_impl
    return forward_call(*args, **kwargs)
  File "/sfs/weka/scratch/fad3ew/rtp/benchmarks/transformer_lm_dp.py", line 72, in forward
    return self.dropout2(self.linear2(self.dropout1(self.activation(self.linear1(x)))))
  File "/scratch/fad3ew/rtp/.venv/lib/python3.8/site-packages/torch/nn/modules/module.py", line 1518, in _wrapped_call_impl
    return self._call_impl(*args, **kwargs)
  File "/scratch/fad3ew/rtp/.venv/lib/python3.8/site-packages/torch/nn/modules/module.py", line 1527, in _call_impl
    return forward_call(*args, **kwargs)
  File "/sfs/weka/scratch/fad3ew/rtp/rtp/rotated_tensor_parallel.py", line 400, in forward
    outputs = self.module_list[index](*args, **kwargs)
  File "/scratch/fad3ew/rtp/.venv/lib/python3.8/site-packages/torch/nn/modules/module.py", line 1518, in _wrapped_call_impl
    return self._call_impl(*args, **kwargs)
  File "/scratch/fad3ew/rtp/.venv/lib/python3.8/site-packages/torch/nn/modules/module.py", line 1527, in _call_impl
    return forward_call(*args, **kwargs)
  File "/scratch/fad3ew/rtp/.venv/lib/python3.8/site-packages/torch/nn/modules/linear.py", line 114, in forward
    return F.linear(input, self.weight, self.bias)
torch.cuda.OutOfMemoryError: CUDA out of memory. Tried to allocate 64.00 MiB. GPU 0 has a total capacty of 31.74 GiB of which 37.62 MiB is free. Including non-PyTorch memory, this process has 31.70 GiB memory in use. Of the allocated memory 30.73 GiB is allocated by PyTorch, and 499.65 MiB is reserved by PyTorch but unallocated. If reserved but unallocated memory is large try setting max_split_size_mb to avoid fragmentation.  See documentation for Memory Management and PYTORCH_CUDA_ALLOC_CONF
torch.cuda.OutOfMemoryError: CUDA out of memory. Tried to allocate 64.00 MiB. GPU 1 has a total capacty of 31.74 GiB of which 25.62 MiB is free. Including non-PyTorch memory, this process has 31.71 GiB memory in use. Of the allocated memory 30.67 GiB is allocated by PyTorch, and 531.68 MiB is reserved by PyTorch but unallocated. If reserved but unallocated memory is large try setting max_split_size_mb to avoid fragmentation.  See documentation for Memory Management and PYTORCH_CUDA_ALLOC_CONF
/scratch/fad3ew/rtp/.venv/lib/python3.8/site-packages/torch/autograd/function.py:539: UserWarning: 0NCCL_AVOID_RECORD_STREAMS=1 has no effect for point-to-point collectives. (Triggered internally at ../torch/csrc/distributed/c10d/ProcessGroupNCCL.cpp:1856.)
  return super().apply(*args, **kwargs)  # type: ignore[misc]
Traceback (most recent call last):
  File "benchmarks/multi_rtp_benchmark.py", line 271, in <module>
    benchmark_fsdp(rank, local_rank, args, world_size)
  File "benchmarks/multi_rtp_benchmark.py", line 250, in benchmark_fsdp
    benchmark_language_model(model_config, model, benchmark_config, model_specs, args)
  File "benchmarks/multi_rtp_benchmark.py", line 215, in benchmark_language_model
    wps, t = train(model_config, model, benchmark_config, model_specs, args)
  File "benchmarks/multi_rtp_benchmark.py", line 170, in train
    output = model(input)
  File "/scratch/fad3ew/rtp/.venv/lib/python3.8/site-packages/torch/nn/modules/module.py", line 1518, in _wrapped_call_impl
    return self._call_impl(*args, **kwargs)
  File "/scratch/fad3ew/rtp/.venv/lib/python3.8/site-packages/torch/nn/modules/module.py", line 1527, in _call_impl
    return forward_call(*args, **kwargs)
  File "/sfs/weka/scratch/fad3ew/rtp/rtp/rotated_tensor_parallel.py", line 542, in forward
    outputs = self.module(*args, **kwargs)
  File "/scratch/fad3ew/rtp/.venv/lib/python3.8/site-packages/torch/nn/modules/module.py", line 1518, in _wrapped_call_impl
    return self._call_impl(*args, **kwargs)
  File "/scratch/fad3ew/rtp/.venv/lib/python3.8/site-packages/torch/nn/modules/module.py", line 1527, in _call_impl
    return forward_call(*args, **kwargs)
  File "/scratch/fad3ew/rtp/.venv/lib/python3.8/site-packages/torch/nn/modules/container.py", line 215, in forward
    input = module(input)
  File "/scratch/fad3ew/rtp/.venv/lib/python3.8/site-packages/torch/nn/modules/module.py", line 1518, in _wrapped_call_impl
    return self._call_impl(*args, **kwargs)
  File "/scratch/fad3ew/rtp/.venv/lib/python3.8/site-packages/torch/nn/modules/module.py", line 1527, in _call_impl
    return forward_call(*args, **kwargs)
  File "/sfs/weka/scratch/fad3ew/rtp/benchmarks/transformer_lm_dp.py", line 195, in forward
    return super().forward(src, self.src_mask)
  File "/sfs/weka/scratch/fad3ew/rtp/benchmarks/transformer_lm_dp.py", line 157, in forward
    x = self.norm2(x + self._ff_block(x))
  File "/sfs/weka/scratch/fad3ew/rtp/benchmarks/transformer_lm_dp.py", line 171, in _ff_block
    return self.ff_block(x)
  File "/scratch/fad3ew/rtp/.venv/lib/python3.8/site-packages/torch/nn/modules/module.py", line 1518, in _wrapped_call_impl
    return self._call_impl(*args, **kwargs)
  File "/scratch/fad3ew/rtp/.venv/lib/python3.8/site-packages/torch/nn/modules/module.py", line 1527, in _call_impl
    return forward_call(*args, **kwargs)
  File "/sfs/weka/scratch/fad3ew/rtp/benchmarks/transformer_lm_dp.py", line 72, in forward
    return self.dropout2(self.linear2(self.dropout1(self.activation(self.linear1(x)))))
  File "/scratch/fad3ew/rtp/.venv/lib/python3.8/site-packages/torch/nn/modules/module.py", line 1518, in _wrapped_call_impl
    return self._call_impl(*args, **kwargs)
  File "/scratch/fad3ew/rtp/.venv/lib/python3.8/site-packages/torch/nn/modules/module.py", line 1527, in _call_impl
    return forward_call(*args, **kwargs)
  File "/sfs/weka/scratch/fad3ew/rtp/rtp/rotated_tensor_parallel.py", line 400, in forward
    outputs = self.module_list[index](*args, **kwargs)
  File "/scratch/fad3ew/rtp/.venv/lib/python3.8/site-packages/torch/nn/modules/module.py", line 1518, in _wrapped_call_impl
    return self._call_impl(*args, **kwargs)
  File "/scratch/fad3ew/rtp/.venv/lib/python3.8/site-packages/torch/nn/modules/module.py", line 1527, in _call_impl
    return forward_call(*args, **kwargs)
  File "/scratch/fad3ew/rtp/.venv/lib/python3.8/site-packages/torch/nn/modules/linear.py", line 114, in forward
    return F.linear(input, self.weight, self.bias)
torch.cuda.OutOfMemoryError: CUDA out of memory. Tried to allocate 64.00 MiB. GPU 3 has a total capacty of 31.74 GiB of which 21.62 MiB is free. Including non-PyTorch memory, this process has 31.71 GiB memory in use. Of the allocated memory 30.73 GiB is allocated by PyTorch, and 499.67 MiB is reserved by PyTorch but unallocated. If reserved but unallocated memory is large try setting max_split_size_mb to avoid fragmentation.  See documentation for Memory Management and PYTORCH_CUDA_ALLOC_CONF
Traceback (most recent call last):
  File "benchmarks/multi_rtp_benchmark.py", line 271, in <module>
    benchmark_fsdp(rank, local_rank, args, world_size)
  File "benchmarks/multi_rtp_benchmark.py", line 250, in benchmark_fsdp
    benchmark_language_model(model_config, model, benchmark_config, model_specs, args)
  File "benchmarks/multi_rtp_benchmark.py", line 215, in benchmark_language_model
    wps, t = train(model_config, model, benchmark_config, model_specs, args)
  File "benchmarks/multi_rtp_benchmark.py", line 170, in train
    output = model(input)
  File "/scratch/fad3ew/rtp/.venv/lib/python3.8/site-packages/torch/nn/modules/module.py", line 1518, in _wrapped_call_impl
    return self._call_impl(*args, **kwargs)
  File "/scratch/fad3ew/rtp/.venv/lib/python3.8/site-packages/torch/nn/modules/module.py", line 1527, in _call_impl
    return forward_call(*args, **kwargs)
  File "/sfs/weka/scratch/fad3ew/rtp/rtp/rotated_tensor_parallel.py", line 542, in forward
    outputs = self.module(*args, **kwargs)
  File "/scratch/fad3ew/rtp/.venv/lib/python3.8/site-packages/torch/nn/modules/module.py", line 1518, in _wrapped_call_impl
    return self._call_impl(*args, **kwargs)
  File "/scratch/fad3ew/rtp/.venv/lib/python3.8/site-packages/torch/nn/modules/module.py", line 1527, in _call_impl
    return forward_call(*args, **kwargs)
  File "/scratch/fad3ew/rtp/.venv/lib/python3.8/site-packages/torch/nn/modules/container.py", line 215, in forward
    input = module(input)
  File "/scratch/fad3ew/rtp/.venv/lib/python3.8/site-packages/torch/nn/modules/module.py", line 1518, in _wrapped_call_impl
    return self._call_impl(*args, **kwargs)
  File "/scratch/fad3ew/rtp/.venv/lib/python3.8/site-packages/torch/nn/modules/module.py", line 1527, in _call_impl
    return forward_call(*args, **kwargs)
  File "/sfs/weka/scratch/fad3ew/rtp/benchmarks/transformer_lm_dp.py", line 195, in forward
    return super().forward(src, self.src_mask)
  File "/sfs/weka/scratch/fad3ew/rtp/benchmarks/transformer_lm_dp.py", line 157, in forward
    x = self.norm2(x + self._ff_block(x))
  File "/sfs/weka/scratch/fad3ew/rtp/benchmarks/transformer_lm_dp.py", line 171, in _ff_block
    return self.ff_block(x)
  File "/scratch/fad3ew/rtp/.venv/lib/python3.8/site-packages/torch/nn/modules/module.py", line 1518, in _wrapped_call_impl
    return self._call_impl(*args, **kwargs)
  File "/scratch/fad3ew/rtp/.venv/lib/python3.8/site-packages/torch/nn/modules/module.py", line 1527, in _call_impl
    return forward_call(*args, **kwargs)
  File "/sfs/weka/scratch/fad3ew/rtp/benchmarks/transformer_lm_dp.py", line 72, in forward
    return self.dropout2(self.linear2(self.dropout1(self.activation(self.linear1(x)))))
  File "/scratch/fad3ew/rtp/.venv/lib/python3.8/site-packages/torch/nn/modules/module.py", line 1518, in _wrapped_call_impl
    return self._call_impl(*args, **kwargs)
  File "/scratch/fad3ew/rtp/.venv/lib/python3.8/site-packages/torch/nn/modules/module.py", line 1527, in _call_impl
    return forward_call(*args, **kwargs)
  File "/sfs/weka/scratch/fad3ew/rtp/rtp/rotated_tensor_parallel.py", line 400, in forward
    outputs = self.module_list[index](*args, **kwargs)
  File "/scratch/fad3ew/rtp/.venv/lib/python3.8/site-packages/torch/nn/modules/module.py", line 1518, in _wrapped_call_impl
    return self._call_impl(*args, **kwargs)
  File "/scratch/fad3ew/rtp/.venv/lib/python3.8/site-packages/torch/nn/modules/module.py", line 1527, in _call_impl
    return forward_call(*args, **kwargs)
  File "/scratch/fad3ew/rtp/.venv/lib/python3.8/site-packages/torch/nn/modules/linear.py", line 114, in forward
    return F.linear(input, self.weight, self.bias)
torch.cuda.OutOfMemoryError: CUDA out of memory. Tried to allocate 64.00 MiB. GPU 2 has a total capacty of 31.74 GiB of which 25.62 MiB is free. Including non-PyTorch memory, this process has 31.71 GiB memory in use. Of the allocated memory 30.60 GiB is allocated by PyTorch, and 595.68 MiB is reserved by PyTorch but unallocated. If reserved but unallocated memory is large try setting max_split_size_mb to avoid fragmentation.  See documentation for Memory Management and PYTORCH_CUDA_ALLOC_CONF
srun: error: udc-aj40-35: tasks 4-5: Exited with exit code 1
srun: launch/slurm: _step_signal: Terminating StepId=55205370.7
slurmstepd: error: *** STEP 55205370.7 ON udc-aj36-35 CANCELLED AT 2023-11-21T00:35:11 ***
srun: error: udc-aj40-35: task 7: Exited with exit code 1
srun: error: udc-aj36-35: tasks 1,3: Exited with exit code 1
srun: error: udc-aj36-35: task 0: Exited with exit code 1
srun: error: udc-aj40-35: task 6: Exited with exit code 1
srun: error: udc-aj36-35: task 2: Terminated
srun: Force Terminated StepId=55205370.7
